2025/01/12 18:17:57 main.go:15: test
2025/01/13 16:37:12 server.go:3489: http: panic serving [::1]:49568: runtime error: invalid memory address or nil pointer dereference
goroutine 5 [running]:
net/http.(*conn).serve.func1()
	/usr/local/go/src/net/http/server.go:1947 +0xb0
panic({0x1054d17a0?, 0x105755640?})
	/usr/local/go/src/runtime/panic.go:785 +0x124
text/template.errRecover(0x140001519f8)
	/usr/local/go/src/text/template/exec.go:170 +0x180
panic({0x1054d17a0?, 0x105755640?})
	/usr/local/go/src/runtime/panic.go:785 +0x124
text/template.(*Template).execute(0x0, {0x105532cc0?, 0x1400013c0e0?}, {0x0?, 0x0?})
	/usr/local/go/src/text/template/exec.go:221 +0x18c
text/template.(*Template).Execute(...)
	/usr/local/go/src/text/template/exec.go:207
todo-app-withgo/app/models/controllers.top({0x105535368, 0x1400013c0e0}, 0x14000151b28?)
	/Users/wa/go/src/todo-app-withgo/app/models/controllers/route_main.go:10 +0x84
net/http.HandlerFunc.ServeHTTP(0x10579c2e0?, {0x105535368?, 0x1400013c0e0?}, 0x1052896b4?)
	/usr/local/go/src/net/http/server.go:2220 +0x38
net/http.(*ServeMux).ServeHTTP(0x0?, {0x105535368, 0x1400013c0e0}, 0x140001323c0)
	/usr/local/go/src/net/http/server.go:2747 +0x1b4
net/http.serverHandler.ServeHTTP({0x1400010d290?}, {0x105535368?, 0x1400013c0e0?}, 0x6?)
	/usr/local/go/src/net/http/server.go:3210 +0xbc
net/http.(*conn).serve(0x14000156090, {0x105535a58, 0x1400010d1a0})
	/usr/local/go/src/net/http/server.go:2092 +0x4fc
created by net/http.(*Server).Serve in goroutine 1
	/usr/local/go/src/net/http/server.go:3360 +0x3dc
2025/01/13 16:37:13 server.go:3489: http: panic serving [::1]:49569: runtime error: invalid memory address or nil pointer dereference
goroutine 21 [running]:
net/http.(*conn).serve.func1()
	/usr/local/go/src/net/http/server.go:1947 +0xb0
panic({0x1054d17a0?, 0x105755640?})
	/usr/local/go/src/runtime/panic.go:785 +0x124
text/template.errRecover(0x140000629f8)
	/usr/local/go/src/text/template/exec.go:170 +0x180
panic({0x1054d17a0?, 0x105755640?})
	/usr/local/go/src/runtime/panic.go:785 +0x124
text/template.(*Template).execute(0x0, {0x105532cc0?, 0x1400013c1c0?}, {0x0?, 0x0?})
	/usr/local/go/src/text/template/exec.go:221 +0x18c
text/template.(*Template).Execute(...)
	/usr/local/go/src/text/template/exec.go:207
todo-app-withgo/app/models/controllers.top({0x105535368, 0x1400013c1c0}, 0x14000062b28?)
	/Users/wa/go/src/todo-app-withgo/app/models/controllers/route_main.go:10 +0x84
net/http.HandlerFunc.ServeHTTP(0x10579c2e0?, {0x105535368?, 0x1400013c1c0?}, 0x1052896b4?)
	/usr/local/go/src/net/http/server.go:2220 +0x38
net/http.(*ServeMux).ServeHTTP(0x0?, {0x105535368, 0x1400013c1c0}, 0x140000b4000)
	/usr/local/go/src/net/http/server.go:2747 +0x1b4
net/http.serverHandler.ServeHTTP({0x140000aa090?}, {0x105535368?, 0x1400013c1c0?}, 0x6?)
	/usr/local/go/src/net/http/server.go:3210 +0xbc
net/http.(*conn).serve(0x140000ae000, {0x105535a58, 0x1400010d1a0})
	/usr/local/go/src/net/http/server.go:2092 +0x4fc
created by net/http.(*Server).Serve in goroutine 1
	/usr/local/go/src/net/http/server.go:3360 +0x3dc
2025/01/13 16:37:13 server.go:3489: http: panic serving [::1]:49570: runtime error: invalid memory address or nil pointer dereference
goroutine 8 [running]:
net/http.(*conn).serve.func1()
	/usr/local/go/src/net/http/server.go:1947 +0xb0
panic({0x1054d17a0?, 0x105755640?})
	/usr/local/go/src/runtime/panic.go:785 +0x124
text/template.errRecover(0x140000629f8)
	/usr/local/go/src/text/template/exec.go:170 +0x180
panic({0x1054d17a0?, 0x105755640?})
	/usr/local/go/src/runtime/panic.go:785 +0x124
text/template.(*Template).execute(0x0, {0x105532cc0?, 0x1400013c2a0?}, {0x0?, 0x0?})
	/usr/local/go/src/text/template/exec.go:221 +0x18c
text/template.(*Template).Execute(...)
	/usr/local/go/src/text/template/exec.go:207
todo-app-withgo/app/models/controllers.top({0x105535368, 0x1400013c2a0}, 0x14000062b28?)
	/Users/wa/go/src/todo-app-withgo/app/models/controllers/route_main.go:10 +0x84
net/http.HandlerFunc.ServeHTTP(0x10579c2e0?, {0x105535368?, 0x1400013c2a0?}, 0x1052896b4?)
	/usr/local/go/src/net/http/server.go:2220 +0x38
net/http.(*ServeMux).ServeHTTP(0x0?, {0x105535368, 0x1400013c2a0}, 0x14000132500)
	/usr/local/go/src/net/http/server.go:2747 +0x1b4
net/http.serverHandler.ServeHTTP({0x1400010d620?}, {0x105535368?, 0x1400013c2a0?}, 0x6?)
	/usr/local/go/src/net/http/server.go:3210 +0xbc
net/http.(*conn).serve(0x14000156360, {0x105535a58, 0x1400010d1a0})
	/usr/local/go/src/net/http/server.go:2092 +0x4fc
created by net/http.(*Server).Serve in goroutine 1
	/usr/local/go/src/net/http/server.go:3360 +0x3dc
2025/01/13 16:37:13 server.go:3489: http: panic serving [::1]:49572: runtime error: invalid memory address or nil pointer dereference
goroutine 11 [running]:
net/http.(*conn).serve.func1()
	/usr/local/go/src/net/http/server.go:1947 +0xb0
panic({0x1054d17a0?, 0x105755640?})
	/usr/local/go/src/runtime/panic.go:785 +0x124
text/template.errRecover(0x140000679f8)
	/usr/local/go/src/text/template/exec.go:170 +0x180
panic({0x1054d17a0?, 0x105755640?})
	/usr/local/go/src/runtime/panic.go:785 +0x124
text/template.(*Template).execute(0x0, {0x105532cc0?, 0x1400013c380?}, {0x0?, 0x0?})
	/usr/local/go/src/text/template/exec.go:221 +0x18c
text/template.(*Template).Execute(...)
	/usr/local/go/src/text/template/exec.go:207
todo-app-withgo/app/models/controllers.top({0x105535368, 0x1400013c380}, 0x14000067b28?)
	/Users/wa/go/src/todo-app-withgo/app/models/controllers/route_main.go:10 +0x84
net/http.HandlerFunc.ServeHTTP(0x10579c2e0?, {0x105535368?, 0x1400013c380?}, 0x1052896b4?)
	/usr/local/go/src/net/http/server.go:2220 +0x38
net/http.(*ServeMux).ServeHTTP(0x0?, {0x105535368, 0x1400013c380}, 0x14000132780)
	/usr/local/go/src/net/http/server.go:2747 +0x1b4
net/http.serverHandler.ServeHTTP({0x1400010d890?}, {0x105535368?, 0x1400013c380?}, 0x6?)
	/usr/local/go/src/net/http/server.go:3210 +0xbc
net/http.(*conn).serve(0x140001565a0, {0x105535a58, 0x1400010d1a0})
	/usr/local/go/src/net/http/server.go:2092 +0x4fc
created by net/http.(*Server).Serve in goroutine 1
	/usr/local/go/src/net/http/server.go:3360 +0x3dc
2025/01/13 16:37:18 server.go:3489: http: panic serving [::1]:49577: runtime error: invalid memory address or nil pointer dereference
goroutine 22 [running]:
net/http.(*conn).serve.func1()
	/usr/local/go/src/net/http/server.go:1947 +0xb0
panic({0x1054d17a0?, 0x105755640?})
	/usr/local/go/src/runtime/panic.go:785 +0x124
text/template.errRecover(0x140000679f8)
	/usr/local/go/src/text/template/exec.go:170 +0x180
panic({0x1054d17a0?, 0x105755640?})
	/usr/local/go/src/runtime/panic.go:785 +0x124
text/template.(*Template).execute(0x0, {0x105532cc0?, 0x140000c4000?}, {0x0?, 0x0?})
	/usr/local/go/src/text/template/exec.go:221 +0x18c
text/template.(*Template).Execute(...)
	/usr/local/go/src/text/template/exec.go:207
todo-app-withgo/app/models/controllers.top({0x105535368, 0x140000c4000}, 0x14000067b28?)
	/Users/wa/go/src/todo-app-withgo/app/models/controllers/route_main.go:10 +0x84
net/http.HandlerFunc.ServeHTTP(0x10579c2e0?, {0x105535368?, 0x140000c4000?}, 0x1052896b4?)
	/usr/local/go/src/net/http/server.go:2220 +0x38
net/http.(*ServeMux).ServeHTTP(0x0?, {0x105535368, 0x140000c4000}, 0x140000b4280)
	/usr/local/go/src/net/http/server.go:2747 +0x1b4
net/http.serverHandler.ServeHTTP({0x140000aa270?}, {0x105535368?, 0x140000c4000?}, 0x6?)
	/usr/local/go/src/net/http/server.go:3210 +0xbc
net/http.(*conn).serve(0x140000ae090, {0x105535a58, 0x1400010d1a0})
	/usr/local/go/src/net/http/server.go:2092 +0x4fc
created by net/http.(*Server).Serve in goroutine 1
	/usr/local/go/src/net/http/server.go:3360 +0x3dc
2025/01/13 16:37:25 server.go:3489: http: panic serving [::1]:49582: runtime error: invalid memory address or nil pointer dereference
goroutine 24 [running]:
net/http.(*conn).serve.func1()
	/usr/local/go/src/net/http/server.go:1947 +0xb0
panic({0x1054d17a0?, 0x105755640?})
	/usr/local/go/src/runtime/panic.go:785 +0x124
text/template.errRecover(0x1400019c9f8)
	/usr/local/go/src/text/template/exec.go:170 +0x180
panic({0x1054d17a0?, 0x105755640?})
	/usr/local/go/src/runtime/panic.go:785 +0x124
text/template.(*Template).execute(0x0, {0x105532cc0?, 0x140000c40e0?}, {0x0?, 0x0?})
	/usr/local/go/src/text/template/exec.go:221 +0x18c
text/template.(*Template).Execute(...)
	/usr/local/go/src/text/template/exec.go:207
todo-app-withgo/app/models/controllers.top({0x105535368, 0x140000c40e0}, 0x1400019cb28?)
	/Users/wa/go/src/todo-app-withgo/app/models/controllers/route_main.go:10 +0x84
net/http.HandlerFunc.ServeHTTP(0x10579c2e0?, {0x105535368?, 0x140000c40e0?}, 0x1052896b4?)
	/usr/local/go/src/net/http/server.go:2220 +0x38
net/http.(*ServeMux).ServeHTTP(0x0?, {0x105535368, 0x140000c40e0}, 0x140000b43c0)
	/usr/local/go/src/net/http/server.go:2747 +0x1b4
net/http.serverHandler.ServeHTTP({0x140000aa420?}, {0x105535368?, 0x140000c40e0?}, 0x6?)
	/usr/local/go/src/net/http/server.go:3210 +0xbc
net/http.(*conn).serve(0x140000ae240, {0x105535a58, 0x1400010d1a0})
	/usr/local/go/src/net/http/server.go:2092 +0x4fc
created by net/http.(*Server).Serve in goroutine 1
	/usr/local/go/src/net/http/server.go:3360 +0x3dc
2025/01/13 16:37:28 server.go:3489: http: panic serving [::1]:49583: runtime error: invalid memory address or nil pointer dereference
goroutine 35 [running]:
net/http.(*conn).serve.func1()
	/usr/local/go/src/net/http/server.go:1947 +0xb0
panic({0x1054d17a0?, 0x105755640?})
	/usr/local/go/src/runtime/panic.go:785 +0x124
text/template.errRecover(0x1400019d9f8)
	/usr/local/go/src/text/template/exec.go:170 +0x180
panic({0x1054d17a0?, 0x105755640?})
	/usr/local/go/src/runtime/panic.go:785 +0x124
text/template.(*Template).execute(0x0, {0x105532cc0?, 0x140000c42a0?}, {0x0?, 0x0?})
	/usr/local/go/src/text/template/exec.go:221 +0x18c
text/template.(*Template).Execute(...)
	/usr/local/go/src/text/template/exec.go:207
todo-app-withgo/app/models/controllers.top({0x105535368, 0x140000c42a0}, 0x1400019db28?)
	/Users/wa/go/src/todo-app-withgo/app/models/controllers/route_main.go:10 +0x84
net/http.HandlerFunc.ServeHTTP(0x10579c2e0?, {0x105535368?, 0x140000c42a0?}, 0x1052896b4?)
	/usr/local/go/src/net/http/server.go:2220 +0x38
net/http.(*ServeMux).ServeHTTP(0x0?, {0x105535368, 0x140000c42a0}, 0x140001a6140)
	/usr/local/go/src/net/http/server.go:2747 +0x1b4
net/http.serverHandler.ServeHTTP({0x14000186150?}, {0x105535368?, 0x140000c42a0?}, 0x6?)
	/usr/local/go/src/net/http/server.go:3210 +0xbc
net/http.(*conn).serve(0x1400018a090, {0x105535a58, 0x1400010d1a0})
	/usr/local/go/src/net/http/server.go:2092 +0x4fc
created by net/http.(*Server).Serve in goroutine 1
	/usr/local/go/src/net/http/server.go:3360 +0x3dc
2025/01/13 16:37:28 server.go:3489: http: panic serving [::1]:49584: runtime error: invalid memory address or nil pointer dereference
goroutine 27 [running]:
net/http.(*conn).serve.func1()
	/usr/local/go/src/net/http/server.go:1947 +0xb0
panic({0x1054d17a0?, 0x105755640?})
	/usr/local/go/src/runtime/panic.go:785 +0x124
text/template.errRecover(0x1400019d9f8)
	/usr/local/go/src/text/template/exec.go:170 +0x180
panic({0x1054d17a0?, 0x105755640?})
	/usr/local/go/src/runtime/panic.go:785 +0x124
text/template.(*Template).execute(0x0, {0x105532cc0?, 0x140000c4460?}, {0x0?, 0x0?})
	/usr/local/go/src/text/template/exec.go:221 +0x18c
text/template.(*Template).Execute(...)
	/usr/local/go/src/text/template/exec.go:207
todo-app-withgo/app/models/controllers.top({0x105535368, 0x140000c4460}, 0x1400019db28?)
	/Users/wa/go/src/todo-app-withgo/app/models/controllers/route_main.go:10 +0x84
net/http.HandlerFunc.ServeHTTP(0x10579c2e0?, {0x105535368?, 0x140000c4460?}, 0x1052896b4?)
	/usr/local/go/src/net/http/server.go:2220 +0x38
net/http.(*ServeMux).ServeHTTP(0x0?, {0x105535368, 0x140000c4460}, 0x140000b4500)
	/usr/local/go/src/net/http/server.go:2747 +0x1b4
net/http.serverHandler.ServeHTTP({0x140000aa6c0?}, {0x105535368?, 0x140000c4460?}, 0x6?)
	/usr/local/go/src/net/http/server.go:3210 +0xbc
net/http.(*conn).serve(0x140000ae510, {0x105535a58, 0x1400010d1a0})
	/usr/local/go/src/net/http/server.go:2092 +0x4fc
created by net/http.(*Server).Serve in goroutine 1
	/usr/local/go/src/net/http/server.go:3360 +0x3dc
2025/01/13 16:37:29 server.go:3489: http: panic serving [::1]:49585: runtime error: invalid memory address or nil pointer dereference
goroutine 29 [running]:
net/http.(*conn).serve.func1()
	/usr/local/go/src/net/http/server.go:1947 +0xb0
panic({0x1054d17a0?, 0x105755640?})
	/usr/local/go/src/runtime/panic.go:785 +0x124
text/template.errRecover(0x1400019d9f8)
	/usr/local/go/src/text/template/exec.go:170 +0x180
panic({0x1054d17a0?, 0x105755640?})
	/usr/local/go/src/runtime/panic.go:785 +0x124
text/template.(*Template).execute(0x0, {0x105532cc0?, 0x140000c4540?}, {0x0?, 0x0?})
	/usr/local/go/src/text/template/exec.go:221 +0x18c
text/template.(*Template).Execute(...)
	/usr/local/go/src/text/template/exec.go:207
todo-app-withgo/app/models/controllers.top({0x105535368, 0x140000c4540}, 0x1400019db28?)
	/Users/wa/go/src/todo-app-withgo/app/models/controllers/route_main.go:10 +0x84
net/http.HandlerFunc.ServeHTTP(0x10579c2e0?, {0x105535368?, 0x140000c4540?}, 0x1052896b4?)
	/usr/local/go/src/net/http/server.go:2220 +0x38
net/http.(*ServeMux).ServeHTTP(0x0?, {0x105535368, 0x140000c4540}, 0x140000b4640)
	/usr/local/go/src/net/http/server.go:2747 +0x1b4
net/http.serverHandler.ServeHTTP({0x140000aa870?}, {0x105535368?, 0x140000c4540?}, 0x6?)
	/usr/local/go/src/net/http/server.go:3210 +0xbc
net/http.(*conn).serve(0x140000ae6c0, {0x105535a58, 0x1400010d1a0})
	/usr/local/go/src/net/http/server.go:2092 +0x4fc
created by net/http.(*Server).Serve in goroutine 1
	/usr/local/go/src/net/http/server.go:3360 +0x3dc
2025/01/13 16:37:34 server.go:3489: http: panic serving [::1]:49590: runtime error: invalid memory address or nil pointer dereference
goroutine 36 [running]:
net/http.(*conn).serve.func1()
	/usr/local/go/src/net/http/server.go:1947 +0xb0
panic({0x1054d17a0?, 0x105755640?})
	/usr/local/go/src/runtime/panic.go:785 +0x124
text/template.errRecover(0x1400019d9f8)
	/usr/local/go/src/text/template/exec.go:170 +0x180
panic({0x1054d17a0?, 0x105755640?})
	/usr/local/go/src/runtime/panic.go:785 +0x124
text/template.(*Template).execute(0x0, {0x105532cc0?, 0x1400013c460?}, {0x0?, 0x0?})
	/usr/local/go/src/text/template/exec.go:221 +0x18c
text/template.(*Template).Execute(...)
	/usr/local/go/src/text/template/exec.go:207
todo-app-withgo/app/models/controllers.top({0x105535368, 0x1400013c460}, 0x1400019db28?)
	/Users/wa/go/src/todo-app-withgo/app/models/controllers/route_main.go:10 +0x84
net/http.HandlerFunc.ServeHTTP(0x10579c2e0?, {0x105535368?, 0x1400013c460?}, 0x1052896b4?)
	/usr/local/go/src/net/http/server.go:2220 +0x38
net/http.(*ServeMux).ServeHTTP(0x0?, {0x105535368, 0x1400013c460}, 0x14000132b40)
	/usr/local/go/src/net/http/server.go:2747 +0x1b4
net/http.serverHandler.ServeHTTP({0x1400010db60?}, {0x105535368?, 0x1400013c460?}, 0x6?)
	/usr/local/go/src/net/http/server.go:3210 +0xbc
net/http.(*conn).serve(0x1400018a120, {0x105535a58, 0x1400010d1a0})
	/usr/local/go/src/net/http/server.go:2092 +0x4fc
created by net/http.(*Server).Serve in goroutine 1
	/usr/local/go/src/net/http/server.go:3360 +0x3dc
2025/01/13 16:37:52 server.go:3489: http: panic serving [::1]:49597: runtime error: invalid memory address or nil pointer dereference
goroutine 16 [running]:
net/http.(*conn).serve.func1()
	/usr/local/go/src/net/http/server.go:1947 +0xb0
panic({0x1054d17a0?, 0x105755640?})
	/usr/local/go/src/runtime/panic.go:785 +0x124
text/template.errRecover(0x1400019e9f8)
	/usr/local/go/src/text/template/exec.go:170 +0x180
panic({0x1054d17a0?, 0x105755640?})
	/usr/local/go/src/runtime/panic.go:785 +0x124
text/template.(*Template).execute(0x0, {0x105532cc0?, 0x1400013c620?}, {0x0?, 0x0?})
	/usr/local/go/src/text/template/exec.go:221 +0x18c
text/template.(*Template).Execute(...)
	/usr/local/go/src/text/template/exec.go:207
todo-app-withgo/app/models/controllers.top({0x105535368, 0x1400013c620}, 0x1400019eb28?)
	/Users/wa/go/src/todo-app-withgo/app/models/controllers/route_main.go:10 +0x84
net/http.HandlerFunc.ServeHTTP(0x10579c2e0?, {0x105535368?, 0x1400013c620?}, 0x1052896b4?)
	/usr/local/go/src/net/http/server.go:2220 +0x38
net/http.(*ServeMux).ServeHTTP(0x0?, {0x105535368, 0x1400013c620}, 0x14000132c80)
	/usr/local/go/src/net/http/server.go:2747 +0x1b4
net/http.serverHandler.ServeHTTP({0x1400010dd10?}, {0x105535368?, 0x1400013c620?}, 0x6?)
	/usr/local/go/src/net/http/server.go:3210 +0xbc
net/http.(*conn).serve(0x14000156990, {0x105535a58, 0x1400010d1a0})
	/usr/local/go/src/net/http/server.go:2092 +0x4fc
created by net/http.(*Server).Serve in goroutine 1
	/usr/local/go/src/net/http/server.go:3360 +0x3dc
2025/01/13 16:37:53 server.go:3489: http: panic serving [::1]:49599: runtime error: invalid memory address or nil pointer dereference
goroutine 51 [running]:
net/http.(*conn).serve.func1()
	/usr/local/go/src/net/http/server.go:1947 +0xb0
panic({0x1054d17a0?, 0x105755640?})
	/usr/local/go/src/runtime/panic.go:785 +0x124
text/template.errRecover(0x140000629f8)
	/usr/local/go/src/text/template/exec.go:170 +0x180
panic({0x1054d17a0?, 0x105755640?})
	/usr/local/go/src/runtime/panic.go:785 +0x124
text/template.(*Template).execute(0x0, {0x105532cc0?, 0x1400013c700?}, {0x0?, 0x0?})
	/usr/local/go/src/text/template/exec.go:221 +0x18c
text/template.(*Template).Execute(...)
	/usr/local/go/src/text/template/exec.go:207
todo-app-withgo/app/models/controllers.top({0x105535368, 0x1400013c700}, 0x14000062b28?)
	/Users/wa/go/src/todo-app-withgo/app/models/controllers/route_main.go:10 +0x84
net/http.HandlerFunc.ServeHTTP(0x10579c2e0?, {0x105535368?, 0x1400013c700?}, 0x1052896b4?)
	/usr/local/go/src/net/http/server.go:2220 +0x38
net/http.(*ServeMux).ServeHTTP(0x0?, {0x105535368, 0x1400013c700}, 0x14000132dc0)
	/usr/local/go/src/net/http/server.go:2747 +0x1b4
net/http.serverHandler.ServeHTTP({0x1400010dec0?}, {0x105535368?, 0x1400013c700?}, 0x6?)
	/usr/local/go/src/net/http/server.go:3210 +0xbc
net/http.(*conn).serve(0x14000156b40, {0x105535a58, 0x1400010d1a0})
	/usr/local/go/src/net/http/server.go:2092 +0x4fc
created by net/http.(*Server).Serve in goroutine 1
	/usr/local/go/src/net/http/server.go:3360 +0x3dc
2025/01/13 16:37:58 server.go:3489: http: panic serving [::1]:49602: runtime error: invalid memory address or nil pointer dereference
goroutine 53 [running]:
net/http.(*conn).serve.func1()
	/usr/local/go/src/net/http/server.go:1947 +0xb0
panic({0x1054d17a0?, 0x105755640?})
	/usr/local/go/src/runtime/panic.go:785 +0x124
text/template.errRecover(0x1400019f9f8)
	/usr/local/go/src/text/template/exec.go:170 +0x180
panic({0x1054d17a0?, 0x105755640?})
	/usr/local/go/src/runtime/panic.go:785 +0x124
text/template.(*Template).execute(0x0, {0x105532cc0?, 0x1400013c7e0?}, {0x0?, 0x0?})
	/usr/local/go/src/text/template/exec.go:221 +0x18c
text/template.(*Template).Execute(...)
	/usr/local/go/src/text/template/exec.go:207
todo-app-withgo/app/models/controllers.top({0x105535368, 0x1400013c7e0}, 0x1400019fb28?)
	/Users/wa/go/src/todo-app-withgo/app/models/controllers/route_main.go:10 +0x84
net/http.HandlerFunc.ServeHTTP(0x10579c2e0?, {0x105535368?, 0x1400013c7e0?}, 0x1052896b4?)
	/usr/local/go/src/net/http/server.go:2220 +0x38
net/http.(*ServeMux).ServeHTTP(0x0?, {0x105535368, 0x1400013c7e0}, 0x14000132f00)
	/usr/local/go/src/net/http/server.go:2747 +0x1b4
net/http.serverHandler.ServeHTTP({0x1400017e0f0?}, {0x105535368?, 0x1400013c7e0?}, 0x6?)
	/usr/local/go/src/net/http/server.go:3210 +0xbc
net/http.(*conn).serve(0x14000156cf0, {0x105535a58, 0x1400010d1a0})
	/usr/local/go/src/net/http/server.go:2092 +0x4fc
created by net/http.(*Server).Serve in goroutine 1
	/usr/local/go/src/net/http/server.go:3360 +0x3dc
2025/01/13 16:43:06 server.go:3489: http: panic serving [::1]:49679: runtime error: invalid memory address or nil pointer dereference
goroutine 55 [running]:
net/http.(*conn).serve.func1()
	/usr/local/go/src/net/http/server.go:1947 +0xb0
panic({0x1054d17a0?, 0x105755640?})
	/usr/local/go/src/runtime/panic.go:785 +0x124
text/template.errRecover(0x140001989f8)
	/usr/local/go/src/text/template/exec.go:170 +0x180
panic({0x1054d17a0?, 0x105755640?})
	/usr/local/go/src/runtime/panic.go:785 +0x124
text/template.(*Template).execute(0x0, {0x105532cc0?, 0x140001be000?}, {0x0?, 0x0?})
	/usr/local/go/src/text/template/exec.go:221 +0x18c
text/template.(*Template).Execute(...)
	/usr/local/go/src/text/template/exec.go:207
todo-app-withgo/app/models/controllers.top({0x105535368, 0x140001be000}, 0x14000198b28?)
	/Users/wa/go/src/todo-app-withgo/app/models/controllers/route_main.go:10 +0x84
net/http.HandlerFunc.ServeHTTP(0x10579c2e0?, {0x105535368?, 0x140001be000?}, 0x1052896b4?)
	/usr/local/go/src/net/http/server.go:2220 +0x38
net/http.(*ServeMux).ServeHTTP(0x0?, {0x105535368, 0x140001be000}, 0x140001a6500)
	/usr/local/go/src/net/http/server.go:2747 +0x1b4
net/http.serverHandler.ServeHTTP({0x140001863c0?}, {0x105535368?, 0x140001be000?}, 0x6?)
	/usr/local/go/src/net/http/server.go:3210 +0xbc
net/http.(*conn).serve(0x14000156ea0, {0x105535a58, 0x1400010d1a0})
	/usr/local/go/src/net/http/server.go:2092 +0x4fc
created by net/http.(*Server).Serve in goroutine 1
	/usr/local/go/src/net/http/server.go:3360 +0x3dc
2025/01/13 16:43:08 server.go:3489: http: panic serving [::1]:49680: runtime error: invalid memory address or nil pointer dereference
goroutine 56 [running]:
net/http.(*conn).serve.func1()
	/usr/local/go/src/net/http/server.go:1947 +0xb0
panic({0x1054d17a0?, 0x105755640?})
	/usr/local/go/src/runtime/panic.go:785 +0x124
text/template.errRecover(0x140000679f8)
	/usr/local/go/src/text/template/exec.go:170 +0x180
panic({0x1054d17a0?, 0x105755640?})
	/usr/local/go/src/runtime/panic.go:785 +0x124
text/template.(*Template).execute(0x0, {0x105532cc0?, 0x140001be0e0?}, {0x0?, 0x0?})
	/usr/local/go/src/text/template/exec.go:221 +0x18c
text/template.(*Template).Execute(...)
	/usr/local/go/src/text/template/exec.go:207
todo-app-withgo/app/models/controllers.top({0x105535368, 0x140001be0e0}, 0x14000067b28?)
	/Users/wa/go/src/todo-app-withgo/app/models/controllers/route_main.go:10 +0x84
net/http.HandlerFunc.ServeHTTP(0x10579c2e0?, {0x105535368?, 0x140001be0e0?}, 0x1052896b4?)
	/usr/local/go/src/net/http/server.go:2220 +0x38
net/http.(*ServeMux).ServeHTTP(0x0?, {0x105535368, 0x140001be0e0}, 0x140000b4b40)
	/usr/local/go/src/net/http/server.go:2747 +0x1b4
net/http.serverHandler.ServeHTTP({0x140000aac60?}, {0x105535368?, 0x140001be0e0?}, 0x6?)
	/usr/local/go/src/net/http/server.go:3210 +0xbc
net/http.(*conn).serve(0x14000156f30, {0x105535a58, 0x1400010d1a0})
	/usr/local/go/src/net/http/server.go:2092 +0x4fc
created by net/http.(*Server).Serve in goroutine 1
	/usr/local/go/src/net/http/server.go:3360 +0x3dc
2025/01/13 16:43:08 server.go:3489: http: panic serving [::1]:49681: runtime error: invalid memory address or nil pointer dereference
goroutine 41 [running]:
net/http.(*conn).serve.func1()
	/usr/local/go/src/net/http/server.go:1947 +0xb0
panic({0x1054d17a0?, 0x105755640?})
	/usr/local/go/src/runtime/panic.go:785 +0x124
text/template.errRecover(0x140000679f8)
	/usr/local/go/src/text/template/exec.go:170 +0x180
panic({0x1054d17a0?, 0x105755640?})
	/usr/local/go/src/runtime/panic.go:785 +0x124
text/template.(*Template).execute(0x0, {0x105532cc0?, 0x140001be1c0?}, {0x0?, 0x0?})
	/usr/local/go/src/text/template/exec.go:221 +0x18c
text/template.(*Template).Execute(...)
	/usr/local/go/src/text/template/exec.go:207
todo-app-withgo/app/models/controllers.top({0x105535368, 0x140001be1c0}, 0x14000067b28?)
	/Users/wa/go/src/todo-app-withgo/app/models/controllers/route_main.go:10 +0x84
net/http.HandlerFunc.ServeHTTP(0x10579c2e0?, {0x105535368?, 0x140001be1c0?}, 0x1052896b4?)
	/usr/local/go/src/net/http/server.go:2220 +0x38
net/http.(*ServeMux).ServeHTTP(0x0?, {0x105535368, 0x140001be1c0}, 0x140001a6640)
	/usr/local/go/src/net/http/server.go:2747 +0x1b4
net/http.serverHandler.ServeHTTP({0x140001866f0?}, {0x105535368?, 0x140001be1c0?}, 0x6?)
	/usr/local/go/src/net/http/server.go:3210 +0xbc
net/http.(*conn).serve(0x1400018a510, {0x105535a58, 0x1400010d1a0})
	/usr/local/go/src/net/http/server.go:2092 +0x4fc
created by net/http.(*Server).Serve in goroutine 1
	/usr/local/go/src/net/http/server.go:3360 +0x3dc
2025/01/13 16:43:12 server.go:3489: http: panic serving [::1]:49682: runtime error: invalid memory address or nil pointer dereference
goroutine 43 [running]:
net/http.(*conn).serve.func1()
	/usr/local/go/src/net/http/server.go:1947 +0xb0
panic({0x1054d17a0?, 0x105755640?})
	/usr/local/go/src/runtime/panic.go:785 +0x124
text/template.errRecover(0x140000679f8)
	/usr/local/go/src/text/template/exec.go:170 +0x180
panic({0x1054d17a0?, 0x105755640?})
	/usr/local/go/src/runtime/panic.go:785 +0x124
text/template.(*Template).execute(0x0, {0x105532cc0?, 0x140001be2a0?}, {0x0?, 0x0?})
	/usr/local/go/src/text/template/exec.go:221 +0x18c
text/template.(*Template).Execute(...)
	/usr/local/go/src/text/template/exec.go:207
todo-app-withgo/app/models/controllers.top({0x105535368, 0x140001be2a0}, 0x14000067b28?)
	/Users/wa/go/src/todo-app-withgo/app/models/controllers/route_main.go:10 +0x84
net/http.HandlerFunc.ServeHTTP(0x10579c2e0?, {0x105535368?, 0x140001be2a0?}, 0x1052896b4?)
	/usr/local/go/src/net/http/server.go:2220 +0x38
net/http.(*ServeMux).ServeHTTP(0x0?, {0x105535368, 0x140001be2a0}, 0x140001a6780)
	/usr/local/go/src/net/http/server.go:2747 +0x1b4
net/http.serverHandler.ServeHTTP({0x140001868a0?}, {0x105535368?, 0x140001be2a0?}, 0x6?)
	/usr/local/go/src/net/http/server.go:3210 +0xbc
net/http.(*conn).serve(0x1400018a6c0, {0x105535a58, 0x1400010d1a0})
	/usr/local/go/src/net/http/server.go:2092 +0x4fc
created by net/http.(*Server).Serve in goroutine 1
	/usr/local/go/src/net/http/server.go:3360 +0x3dc
2025/01/13 16:43:17 server.go:3489: http: panic serving [::1]:49684: runtime error: invalid memory address or nil pointer dereference
goroutine 58 [running]:
net/http.(*conn).serve.func1()
	/usr/local/go/src/net/http/server.go:1947 +0xb0
panic({0x1054d17a0?, 0x105755640?})
	/usr/local/go/src/runtime/panic.go:785 +0x124
text/template.errRecover(0x1400019c9f8)
	/usr/local/go/src/text/template/exec.go:170 +0x180
panic({0x1054d17a0?, 0x105755640?})
	/usr/local/go/src/runtime/panic.go:785 +0x124
text/template.(*Template).execute(0x0, {0x105532cc0?, 0x1400013c8c0?}, {0x0?, 0x0?})
	/usr/local/go/src/text/template/exec.go:221 +0x18c
text/template.(*Template).Execute(...)
	/usr/local/go/src/text/template/exec.go:207
todo-app-withgo/app/models/controllers.top({0x105535368, 0x1400013c8c0}, 0x1400019cb28?)
	/Users/wa/go/src/todo-app-withgo/app/models/controllers/route_main.go:10 +0x84
net/http.HandlerFunc.ServeHTTP(0x10579c2e0?, {0x105535368?, 0x1400013c8c0?}, 0x1052896b4?)
	/usr/local/go/src/net/http/server.go:2220 +0x38
net/http.(*ServeMux).ServeHTTP(0x1400015eed0?, {0x105535368, 0x1400013c8c0}, 0x14000133180)
	/usr/local/go/src/net/http/server.go:2747 +0x1b4
net/http.serverHandler.ServeHTTP({0x1400017e420?}, {0x105535368?, 0x1400013c8c0?}, 0x6?)
	/usr/local/go/src/net/http/server.go:3210 +0xbc
net/http.(*conn).serve(0x14000157050, {0x105535a58, 0x1400010d1a0})
	/usr/local/go/src/net/http/server.go:2092 +0x4fc
created by net/http.(*Server).Serve in goroutine 1
	/usr/local/go/src/net/http/server.go:3360 +0x3dc
2025/01/13 16:43:47 server.go:3489: http: panic serving [::1]:49692: runtime error: invalid memory address or nil pointer dereference
goroutine 67 [running]:
net/http.(*conn).serve.func1()
	/usr/local/go/src/net/http/server.go:1947 +0xb0
panic({0x1054d17a0?, 0x105755640?})
	/usr/local/go/src/runtime/panic.go:785 +0x124
text/template.errRecover(0x1400019f9f8)
	/usr/local/go/src/text/template/exec.go:170 +0x180
panic({0x1054d17a0?, 0x105755640?})
	/usr/local/go/src/runtime/panic.go:785 +0x124
text/template.(*Template).execute(0x0, {0x105532cc0?, 0x1400013c9a0?}, {0x0?, 0x0?})
	/usr/local/go/src/text/template/exec.go:221 +0x18c
text/template.(*Template).Execute(...)
	/usr/local/go/src/text/template/exec.go:207
todo-app-withgo/app/models/controllers.top({0x105535368, 0x1400013c9a0}, 0x1400019fb28?)
	/Users/wa/go/src/todo-app-withgo/app/models/controllers/route_main.go:10 +0x84
net/http.HandlerFunc.ServeHTTP(0x10579c2e0?, {0x105535368?, 0x1400013c9a0?}, 0x1052896b4?)
	/usr/local/go/src/net/http/server.go:2220 +0x38
net/http.(*ServeMux).ServeHTTP(0x0?, {0x105535368, 0x1400013c9a0}, 0x14000133400)
	/usr/local/go/src/net/http/server.go:2747 +0x1b4
net/http.serverHandler.ServeHTTP({0x1400017e630?}, {0x105535368?, 0x1400013c9a0?}, 0x6?)
	/usr/local/go/src/net/http/server.go:3210 +0xbc
net/http.(*conn).serve(0x140000aeab0, {0x105535a58, 0x1400010d1a0})
	/usr/local/go/src/net/http/server.go:2092 +0x4fc
created by net/http.(*Server).Serve in goroutine 1
	/usr/local/go/src/net/http/server.go:3360 +0x3dc
2025/01/13 16:44:47 server.go:3489: http: panic serving [::1]:49700: runtime error: invalid memory address or nil pointer dereference
goroutine 62 [running]:
net/http.(*conn).serve.func1()
	/usr/local/go/src/net/http/server.go:1947 +0xb0
panic({0x1054d17a0?, 0x105755640?})
	/usr/local/go/src/runtime/panic.go:785 +0x124
text/template.errRecover(0x1400019c9f8)
	/usr/local/go/src/text/template/exec.go:170 +0x180
panic({0x1054d17a0?, 0x105755640?})
	/usr/local/go/src/runtime/panic.go:785 +0x124
text/template.(*Template).execute(0x0, {0x105532cc0?, 0x1400013ca80?}, {0x0?, 0x0?})
	/usr/local/go/src/text/template/exec.go:221 +0x18c
text/template.(*Template).Execute(...)
	/usr/local/go/src/text/template/exec.go:207
todo-app-withgo/app/models/controllers.top({0x105535368, 0x1400013ca80}, 0x1400019cb28?)
	/Users/wa/go/src/todo-app-withgo/app/models/controllers/route_main.go:10 +0x84
net/http.HandlerFunc.ServeHTTP(0x10579c2e0?, {0x105535368?, 0x1400013ca80?}, 0x1052896b4?)
	/usr/local/go/src/net/http/server.go:2220 +0x38
net/http.(*ServeMux).ServeHTTP(0x0?, {0x105535368, 0x1400013ca80}, 0x14000133540)
	/usr/local/go/src/net/http/server.go:2747 +0x1b4
net/http.serverHandler.ServeHTTP({0x1400017e7e0?}, {0x105535368?, 0x1400013ca80?}, 0x6?)
	/usr/local/go/src/net/http/server.go:3210 +0xbc
net/http.(*conn).serve(0x140001573b0, {0x105535a58, 0x1400010d1a0})
	/usr/local/go/src/net/http/server.go:2092 +0x4fc
created by net/http.(*Server).Serve in goroutine 1
	/usr/local/go/src/net/http/server.go:3360 +0x3dc
2025/01/15 14:59:04 server.go:3489: http: panic serving [::1]:61952: runtime error: invalid memory address or nil pointer dereference
goroutine 5 [running]:
net/http.(*conn).serve.func1()
	/usr/local/go/src/net/http/server.go:1947 +0xb0
panic({0x102b22940?, 0x102db16b0?})
	/usr/local/go/src/runtime/panic.go:785 +0x124
todo-app-withgo/app/controllers.session({0x14000151af8?, 0x0?}, 0x140001343c0)
	/Users/wa/go/src/todo-app-withgo/app/controllers/server.go:24 +0x7c
todo-app-withgo/app/controllers.top({0x102b87fa8, 0x1400013e1c0}, 0x140001343c0)
	/Users/wa/go/src/todo-app-withgo/app/controllers/route_main.go:8 +0x28
net/http.HandlerFunc.ServeHTTP(0x102df85a0?, {0x102b87fa8?, 0x1400013e1c0?}, 0x10287f124?)
	/usr/local/go/src/net/http/server.go:2220 +0x38
net/http.(*ServeMux).ServeHTTP(0x0?, {0x102b87fa8, 0x1400013e1c0}, 0x140001343c0)
	/usr/local/go/src/net/http/server.go:2747 +0x1b4
net/http.serverHandler.ServeHTTP({0x1400010d3b0?}, {0x102b87fa8?, 0x1400013e1c0?}, 0x6?)
	/usr/local/go/src/net/http/server.go:3210 +0xbc
net/http.(*conn).serve(0x14000158090, {0x102b88710, 0x1400010d2c0})
	/usr/local/go/src/net/http/server.go:2092 +0x4fc
created by net/http.(*Server).Serve in goroutine 1
	/usr/local/go/src/net/http/server.go:3360 +0x3dc
2025/01/15 14:59:05 server.go:3489: http: panic serving [::1]:61961: runtime error: invalid memory address or nil pointer dereference
goroutine 7 [running]:
net/http.(*conn).serve.func1()
	/usr/local/go/src/net/http/server.go:1947 +0xb0
panic({0x102b22940?, 0x102db16b0?})
	/usr/local/go/src/runtime/panic.go:785 +0x124
todo-app-withgo/app/controllers.session({0x14000062af8?, 0x0?}, 0x14000134500)
	/Users/wa/go/src/todo-app-withgo/app/controllers/server.go:24 +0x7c
todo-app-withgo/app/controllers.top({0x102b87fa8, 0x1400013e2a0}, 0x14000134500)
	/Users/wa/go/src/todo-app-withgo/app/controllers/route_main.go:8 +0x28
net/http.HandlerFunc.ServeHTTP(0x102df85a0?, {0x102b87fa8?, 0x1400013e2a0?}, 0x10287f124?)
	/usr/local/go/src/net/http/server.go:2220 +0x38
net/http.(*ServeMux).ServeHTTP(0x0?, {0x102b87fa8, 0x1400013e2a0}, 0x14000134500)
	/usr/local/go/src/net/http/server.go:2747 +0x1b4
net/http.serverHandler.ServeHTTP({0x1400010d5f0?}, {0x102b87fa8?, 0x1400013e2a0?}, 0x6?)
	/usr/local/go/src/net/http/server.go:3210 +0xbc
net/http.(*conn).serve(0x14000158240, {0x102b88710, 0x1400010d2c0})
	/usr/local/go/src/net/http/server.go:2092 +0x4fc
created by net/http.(*Server).Serve in goroutine 1
	/usr/local/go/src/net/http/server.go:3360 +0x3dc
2025/01/15 14:59:10 server.go:3489: http: panic serving [::1]:61974: runtime error: invalid memory address or nil pointer dereference
goroutine 34 [running]:
net/http.(*conn).serve.func1()
	/usr/local/go/src/net/http/server.go:1947 +0xb0
panic({0x102b22940?, 0x102db16b0?})
	/usr/local/go/src/runtime/panic.go:785 +0x124
todo-app-withgo/app/controllers.session({0x14000063af8?, 0x0?}, 0x1400019e000)
	/Users/wa/go/src/todo-app-withgo/app/controllers/server.go:24 +0x7c
todo-app-withgo/app/controllers.top({0x102b87fa8, 0x140001b2000}, 0x1400019e000)
	/Users/wa/go/src/todo-app-withgo/app/controllers/route_main.go:8 +0x28
net/http.HandlerFunc.ServeHTTP(0x102df85a0?, {0x102b87fa8?, 0x140001b2000?}, 0x10287f124?)
	/usr/local/go/src/net/http/server.go:2220 +0x38
net/http.(*ServeMux).ServeHTTP(0x0?, {0x102b87fa8, 0x140001b2000}, 0x1400019e000)
	/usr/local/go/src/net/http/server.go:2747 +0x1b4
net/http.serverHandler.ServeHTTP({0x14000188090?}, {0x102b87fa8?, 0x140001b2000?}, 0x6?)
	/usr/local/go/src/net/http/server.go:3210 +0xbc
net/http.(*conn).serve(0x1400018c000, {0x102b88710, 0x1400010d2c0})
	/usr/local/go/src/net/http/server.go:2092 +0x4fc
created by net/http.(*Server).Serve in goroutine 1
	/usr/local/go/src/net/http/server.go:3360 +0x3dc
2025/01/15 14:59:40 server.go:3489: http: panic serving [::1]:62006: runtime error: invalid memory address or nil pointer dereference
goroutine 37 [running]:
net/http.(*conn).serve.func1()
	/usr/local/go/src/net/http/server.go:1947 +0xb0
panic({0x102e46940?, 0x1030d56b0?})
	/usr/local/go/src/runtime/panic.go:785 +0x124
todo-app-withgo/app/controllers.session({0x1400017daf8?, 0x0?}, 0x140001543c0)
	/Users/wa/go/src/todo-app-withgo/app/controllers/server.go:24 +0x7c
todo-app-withgo/app/controllers.top({0x102eabfa8, 0x1400016a0e0}, 0x140001543c0)
	/Users/wa/go/src/todo-app-withgo/app/controllers/route_main.go:8 +0x28
net/http.HandlerFunc.ServeHTTP(0x10311c5a0?, {0x102eabfa8?, 0x1400016a0e0?}, 0x102ba3124?)
	/usr/local/go/src/net/http/server.go:2220 +0x38
net/http.(*ServeMux).ServeHTTP(0x0?, {0x102eabfa8, 0x1400016a0e0}, 0x140001543c0)
	/usr/local/go/src/net/http/server.go:2747 +0x1b4
net/http.serverHandler.ServeHTTP({0x140001253b0?}, {0x102eabfa8?, 0x1400016a0e0?}, 0x6?)
	/usr/local/go/src/net/http/server.go:3210 +0xbc
net/http.(*conn).serve(0x14000206090, {0x102eac710, 0x140001252c0})
	/usr/local/go/src/net/http/server.go:2092 +0x4fc
created by net/http.(*Server).Serve in goroutine 1
	/usr/local/go/src/net/http/server.go:3360 +0x3dc
2025/01/15 15:00:40 server.go:3489: http: panic serving [::1]:62045: runtime error: invalid memory address or nil pointer dereference
goroutine 39 [running]:
net/http.(*conn).serve.func1()
	/usr/local/go/src/net/http/server.go:1947 +0xb0
panic({0x102e46940?, 0x1030d56b0?})
	/usr/local/go/src/runtime/panic.go:785 +0x124
todo-app-withgo/app/controllers.session({0x14000187af8?, 0x0?}, 0x14000154500)
	/Users/wa/go/src/todo-app-withgo/app/controllers/server.go:24 +0x7c
todo-app-withgo/app/controllers.top({0x102eabfa8, 0x1400016a1c0}, 0x14000154500)
	/Users/wa/go/src/todo-app-withgo/app/controllers/route_main.go:8 +0x28
net/http.HandlerFunc.ServeHTTP(0x10311c5a0?, {0x102eabfa8?, 0x1400016a1c0?}, 0x102ba3124?)
	/usr/local/go/src/net/http/server.go:2220 +0x38
net/http.(*ServeMux).ServeHTTP(0x0?, {0x102eabfa8, 0x1400016a1c0}, 0x14000154500)
	/usr/local/go/src/net/http/server.go:2747 +0x1b4
net/http.serverHandler.ServeHTTP({0x140001255f0?}, {0x102eabfa8?, 0x1400016a1c0?}, 0x6?)
	/usr/local/go/src/net/http/server.go:3210 +0xbc
net/http.(*conn).serve(0x14000206240, {0x102eac710, 0x140001252c0})
	/usr/local/go/src/net/http/server.go:2092 +0x4fc
created by net/http.(*Server).Serve in goroutine 1
	/usr/local/go/src/net/http/server.go:3360 +0x3dc
2025/01/15 15:05:41 server.go:3489: http: panic serving [::1]:62217: template: index.html:5: unexpected EOF
goroutine 42 [running]:
net/http.(*conn).serve.func1()
	/usr/local/go/src/net/http/server.go:1947 +0xb0
panic({0x102d8ca40?, 0x1400009c210?})
	/usr/local/go/src/runtime/panic.go:785 +0x124
text/template.Must(...)
	/usr/local/go/src/text/template/helper.go:26
todo-app-withgo/app/controllers.generateHTML({0x102dfbfa8, 0x140000c4000}, {0x0, 0x0}, {0x1400002ba98?, 0x0?, 0x0?})
	/Users/wa/go/src/todo-app-withgo/app/controllers/server.go:17 +0x218
todo-app-withgo/app/controllers.index({0x102dfbfa8, 0x140000c4000}, 0x140000b0140)
	/Users/wa/go/src/todo-app-withgo/app/controllers/route_main.go:22 +0xb8
net/http.HandlerFunc.ServeHTTP(0x10306c5a0?, {0x102dfbfa8?, 0x140000c4000?}, 0x102af3124?)
	/usr/local/go/src/net/http/server.go:2220 +0x38
net/http.(*ServeMux).ServeHTTP(0x0?, {0x102dfbfa8, 0x140000c4000}, 0x140000b0140)
	/usr/local/go/src/net/http/server.go:2747 +0x1b4
net/http.serverHandler.ServeHTTP({0x1400022e840?}, {0x102dfbfa8?, 0x140000c4000?}, 0x6?)
	/usr/local/go/src/net/http/server.go:3210 +0xbc
net/http.(*conn).serve(0x14000206480, {0x102dfc710, 0x140001252c0})
	/usr/local/go/src/net/http/server.go:2092 +0x4fc
created by net/http.(*Server).Serve in goroutine 1
	/usr/local/go/src/net/http/server.go:3360 +0x3dc
2025/01/15 15:05:41 server.go:3489: http: panic serving [::1]:62218: template: index.html:5: unexpected EOF
goroutine 21 [running]:
net/http.(*conn).serve.func1()
	/usr/local/go/src/net/http/server.go:1947 +0xb0
panic({0x102d8ca40?, 0x14000116d80?})
	/usr/local/go/src/runtime/panic.go:785 +0x124
text/template.Must(...)
	/usr/local/go/src/text/template/helper.go:26
todo-app-withgo/app/controllers.generateHTML({0x102dfbfa8, 0x1400016a700}, {0x0, 0x0}, {0x1400017da98?, 0x0?, 0x0?})
	/Users/wa/go/src/todo-app-withgo/app/controllers/server.go:17 +0x218
todo-app-withgo/app/controllers.index({0x102dfbfa8, 0x1400016a700}, 0x140000b0000)
	/Users/wa/go/src/todo-app-withgo/app/controllers/route_main.go:22 +0xb8
net/http.HandlerFunc.ServeHTTP(0x10306c5a0?, {0x102dfbfa8?, 0x1400016a700?}, 0x102af3124?)
	/usr/local/go/src/net/http/server.go:2220 +0x38
net/http.(*ServeMux).ServeHTTP(0x0?, {0x102dfbfa8, 0x1400016a700}, 0x140000b0000)
	/usr/local/go/src/net/http/server.go:2747 +0x1b4
net/http.serverHandler.ServeHTTP({0x140000a6090?}, {0x102dfbfa8?, 0x1400016a700?}, 0x6?)
	/usr/local/go/src/net/http/server.go:3210 +0xbc
net/http.(*conn).serve(0x140000aa000, {0x102dfc710, 0x140001252c0})
	/usr/local/go/src/net/http/server.go:2092 +0x4fc
created by net/http.(*Server).Serve in goroutine 1
	/usr/local/go/src/net/http/server.go:3360 +0x3dc
2025/01/15 15:05:41 server.go:3489: http: panic serving [::1]:62219: template: index.html:5: unexpected EOF
goroutine 45 [running]:
net/http.(*conn).serve.func1()
	/usr/local/go/src/net/http/server.go:1947 +0xb0
panic({0x102d8ca40?, 0x14000012390?})
	/usr/local/go/src/runtime/panic.go:785 +0x124
text/template.Must(...)
	/usr/local/go/src/text/template/helper.go:26
todo-app-withgo/app/controllers.generateHTML({0x102dfbfa8, 0x14000284460}, {0x0, 0x0}, {0x14000177a98?, 0x0?, 0x0?})
	/Users/wa/go/src/todo-app-withgo/app/controllers/server.go:17 +0x218
todo-app-withgo/app/controllers.index({0x102dfbfa8, 0x14000284460}, 0x14000154c80)
	/Users/wa/go/src/todo-app-withgo/app/controllers/route_main.go:22 +0xb8
net/http.HandlerFunc.ServeHTTP(0x10306c5a0?, {0x102dfbfa8?, 0x14000284460?}, 0x102af3124?)
	/usr/local/go/src/net/http/server.go:2220 +0x38
net/http.(*ServeMux).ServeHTTP(0x0?, {0x102dfbfa8, 0x14000284460}, 0x14000154c80)
	/usr/local/go/src/net/http/server.go:2747 +0x1b4
net/http.serverHandler.ServeHTTP({0x1400022f5c0?}, {0x102dfbfa8?, 0x14000284460?}, 0x6?)
	/usr/local/go/src/net/http/server.go:3210 +0xbc
net/http.(*conn).serve(0x140002067e0, {0x102dfc710, 0x140001252c0})
	/usr/local/go/src/net/http/server.go:2092 +0x4fc
created by net/http.(*Server).Serve in goroutine 1
	/usr/local/go/src/net/http/server.go:3360 +0x3dc
2025/01/15 15:05:42 server.go:3489: http: panic serving [::1]:62220: template: index.html:5: unexpected EOF
goroutine 8 [running]:
net/http.(*conn).serve.func1()
	/usr/local/go/src/net/http/server.go:1947 +0xb0
panic({0x102d8ca40?, 0x140000125a0?})
	/usr/local/go/src/runtime/panic.go:785 +0x124
text/template.Must(...)
	/usr/local/go/src/text/template/helper.go:26
todo-app-withgo/app/controllers.generateHTML({0x102dfbfa8, 0x14000284540}, {0x0, 0x0}, {0x14000177a98?, 0x0?, 0x0?})
	/Users/wa/go/src/todo-app-withgo/app/controllers/server.go:17 +0x218
todo-app-withgo/app/controllers.index({0x102dfbfa8, 0x14000284540}, 0x14000280640)
	/Users/wa/go/src/todo-app-withgo/app/controllers/route_main.go:22 +0xb8
net/http.HandlerFunc.ServeHTTP(0x10306c5a0?, {0x102dfbfa8?, 0x14000284540?}, 0x102af3124?)
	/usr/local/go/src/net/http/server.go:2220 +0x38
net/http.(*ServeMux).ServeHTTP(0x0?, {0x102dfbfa8, 0x14000284540}, 0x14000280640)
	/usr/local/go/src/net/http/server.go:2747 +0x1b4
net/http.serverHandler.ServeHTTP({0x1400007eba0?}, {0x102dfbfa8?, 0x14000284540?}, 0x6?)
	/usr/local/go/src/net/http/server.go:3210 +0xbc
net/http.(*conn).serve(0x14000282630, {0x102dfc710, 0x140001252c0})
	/usr/local/go/src/net/http/server.go:2092 +0x4fc
created by net/http.(*Server).Serve in goroutine 1
	/usr/local/go/src/net/http/server.go:3360 +0x3dc
2025/01/15 15:05:44 server.go:3489: http: panic serving [::1]:62221: template: index.html:5: unexpected EOF
goroutine 10 [running]:
net/http.(*conn).serve.func1()
	/usr/local/go/src/net/http/server.go:1947 +0xb0
panic({0x102d8ca40?, 0x1400009c410?})
	/usr/local/go/src/runtime/panic.go:785 +0x124
text/template.Must(...)
	/usr/local/go/src/text/template/helper.go:26
todo-app-withgo/app/controllers.generateHTML({0x102dfbfa8, 0x140000c41c0}, {0x0, 0x0}, {0x14000177a98?, 0x0?, 0x0?})
	/Users/wa/go/src/todo-app-withgo/app/controllers/server.go:17 +0x218
todo-app-withgo/app/controllers.index({0x102dfbfa8, 0x140000c41c0}, 0x140000b0280)
	/Users/wa/go/src/todo-app-withgo/app/controllers/route_main.go:22 +0xb8
net/http.HandlerFunc.ServeHTTP(0x10306c5a0?, {0x102dfbfa8?, 0x140000c41c0?}, 0x102af3124?)
	/usr/local/go/src/net/http/server.go:2220 +0x38
net/http.(*ServeMux).ServeHTTP(0x0?, {0x102dfbfa8, 0x140000c41c0}, 0x140000b0280)
	/usr/local/go/src/net/http/server.go:2747 +0x1b4
net/http.serverHandler.ServeHTTP({0x1400007f320?}, {0x102dfbfa8?, 0x140000c41c0?}, 0x6?)
	/usr/local/go/src/net/http/server.go:3210 +0xbc
net/http.(*conn).serve(0x140002827e0, {0x102dfc710, 0x140001252c0})
	/usr/local/go/src/net/http/server.go:2092 +0x4fc
created by net/http.(*Server).Serve in goroutine 1
	/usr/local/go/src/net/http/server.go:3360 +0x3dc
2025/01/15 15:05:44 server.go:3489: http: panic serving [::1]:62222: template: index.html:5: unexpected EOF
goroutine 11 [running]:
net/http.(*conn).serve.func1()
	/usr/local/go/src/net/http/server.go:1947 +0xb0
panic({0x102d8ca40?, 0x1400009c610?})
	/usr/local/go/src/runtime/panic.go:785 +0x124
text/template.Must(...)
	/usr/local/go/src/text/template/helper.go:26
todo-app-withgo/app/controllers.generateHTML({0x102dfbfa8, 0x140000c4380}, {0x0, 0x0}, {0x14000177a98?, 0x0?, 0x0?})
	/Users/wa/go/src/todo-app-withgo/app/controllers/server.go:17 +0x218
todo-app-withgo/app/controllers.index({0x102dfbfa8, 0x140000c4380}, 0x14000280780)
	/Users/wa/go/src/todo-app-withgo/app/controllers/route_main.go:22 +0xb8
net/http.HandlerFunc.ServeHTTP(0x10306c5a0?, {0x102dfbfa8?, 0x140000c4380?}, 0x102af3124?)
	/usr/local/go/src/net/http/server.go:2220 +0x38
net/http.(*ServeMux).ServeHTTP(0x0?, {0x102dfbfa8, 0x140000c4380}, 0x14000280780)
	/usr/local/go/src/net/http/server.go:2747 +0x1b4
net/http.serverHandler.ServeHTTP({0x1400007f2c0?}, {0x102dfbfa8?, 0x140000c4380?}, 0x6?)
	/usr/local/go/src/net/http/server.go:3210 +0xbc
net/http.(*conn).serve(0x14000282870, {0x102dfc710, 0x140001252c0})
	/usr/local/go/src/net/http/server.go:2092 +0x4fc
created by net/http.(*Server).Serve in goroutine 1
	/usr/local/go/src/net/http/server.go:3360 +0x3dc
2025/01/15 15:05:44 server.go:3489: http: panic serving [::1]:62223: template: index.html:5: unexpected EOF
goroutine 25 [running]:
net/http.(*conn).serve.func1()
	/usr/local/go/src/net/http/server.go:1947 +0xb0
panic({0x102d8ca40?, 0x1400009c820?})
	/usr/local/go/src/runtime/panic.go:785 +0x124
text/template.Must(...)
	/usr/local/go/src/text/template/helper.go:26
todo-app-withgo/app/controllers.generateHTML({0x102dfbfa8, 0x140000c4540}, {0x0, 0x0}, {0x14000177a98?, 0x0?, 0x0?})
	/Users/wa/go/src/todo-app-withgo/app/controllers/server.go:17 +0x218
todo-app-withgo/app/controllers.index({0x102dfbfa8, 0x140000c4540}, 0x140000b03c0)
	/Users/wa/go/src/todo-app-withgo/app/controllers/route_main.go:22 +0xb8
net/http.HandlerFunc.ServeHTTP(0x10306c5a0?, {0x102dfbfa8?, 0x140000c4540?}, 0x102af3124?)
	/usr/local/go/src/net/http/server.go:2220 +0x38
net/http.(*ServeMux).ServeHTTP(0x0?, {0x102dfbfa8, 0x140000c4540}, 0x140000b03c0)
	/usr/local/go/src/net/http/server.go:2747 +0x1b4
net/http.serverHandler.ServeHTTP({0x140000a73b0?}, {0x102dfbfa8?, 0x140000c4540?}, 0x6?)
	/usr/local/go/src/net/http/server.go:3210 +0xbc
net/http.(*conn).serve(0x140000aa2d0, {0x102dfc710, 0x140001252c0})
	/usr/local/go/src/net/http/server.go:2092 +0x4fc
created by net/http.(*Server).Serve in goroutine 1
	/usr/local/go/src/net/http/server.go:3360 +0x3dc
2025/01/15 15:05:46 server.go:3489: http: panic serving [::1]:62224: template: index.html:5: unexpected EOF
goroutine 27 [running]:
net/http.(*conn).serve.func1()
	/usr/local/go/src/net/http/server.go:1947 +0xb0
panic({0x102d8ca40?, 0x1400009cc70?})
	/usr/local/go/src/runtime/panic.go:785 +0x124
text/template.Must(...)
	/usr/local/go/src/text/template/helper.go:26
todo-app-withgo/app/controllers.generateHTML({0x102dfbfa8, 0x140000c47e0}, {0x0, 0x0}, {0x14000177a98?, 0x0?, 0x0?})
	/Users/wa/go/src/todo-app-withgo/app/controllers/server.go:17 +0x218
todo-app-withgo/app/controllers.index({0x102dfbfa8, 0x140000c47e0}, 0x140000b08c0)
	/Users/wa/go/src/todo-app-withgo/app/controllers/route_main.go:22 +0xb8
net/http.HandlerFunc.ServeHTTP(0x10306c5a0?, {0x102dfbfa8?, 0x140000c47e0?}, 0x102af3124?)
	/usr/local/go/src/net/http/server.go:2220 +0x38
net/http.(*ServeMux).ServeHTTP(0x0?, {0x102dfbfa8, 0x140000c47e0}, 0x140000b08c0)
	/usr/local/go/src/net/http/server.go:2747 +0x1b4
net/http.serverHandler.ServeHTTP({0x140000a7a70?}, {0x102dfbfa8?, 0x140000c47e0?}, 0x6?)
	/usr/local/go/src/net/http/server.go:3210 +0xbc
net/http.(*conn).serve(0x140000aa480, {0x102dfc710, 0x140001252c0})
	/usr/local/go/src/net/http/server.go:2092 +0x4fc
created by net/http.(*Server).Serve in goroutine 1
	/usr/local/go/src/net/http/server.go:3360 +0x3dc
2025/01/15 15:05:46 server.go:3489: http: panic serving [::1]:62225: template: index.html:5: unexpected EOF
goroutine 13 [running]:
net/http.(*conn).serve.func1()
	/usr/local/go/src/net/http/server.go:1947 +0xb0
panic({0x102d8ca40?, 0x1400009ce70?})
	/usr/local/go/src/runtime/panic.go:785 +0x124
text/template.Must(...)
	/usr/local/go/src/text/template/helper.go:26
todo-app-withgo/app/controllers.generateHTML({0x102dfbfa8, 0x140000c48c0}, {0x0, 0x0}, {0x14000177a98?, 0x0?, 0x0?})
	/Users/wa/go/src/todo-app-withgo/app/controllers/server.go:17 +0x218
todo-app-withgo/app/controllers.index({0x102dfbfa8, 0x140000c48c0}, 0x14000280a00)
	/Users/wa/go/src/todo-app-withgo/app/controllers/route_main.go:22 +0xb8
net/http.HandlerFunc.ServeHTTP(0x10306c5a0?, {0x102dfbfa8?, 0x140000c48c0?}, 0x102af3124?)
	/usr/local/go/src/net/http/server.go:2220 +0x38
net/http.(*ServeMux).ServeHTTP(0x0?, {0x102dfbfa8, 0x140000c48c0}, 0x14000280a00)
	/usr/local/go/src/net/http/server.go:2747 +0x1b4
net/http.serverHandler.ServeHTTP({0x1400007f530?}, {0x102dfbfa8?, 0x140000c48c0?}, 0x6?)
	/usr/local/go/src/net/http/server.go:3210 +0xbc
net/http.(*conn).serve(0x14000282ab0, {0x102dfc710, 0x140001252c0})
	/usr/local/go/src/net/http/server.go:2092 +0x4fc
created by net/http.(*Server).Serve in goroutine 1
	/usr/local/go/src/net/http/server.go:3360 +0x3dc
2025/01/15 15:05:46 server.go:3489: http: panic serving [::1]:62226: template: index.html:5: unexpected EOF
goroutine 32 [running]:
net/http.(*conn).serve.func1()
	/usr/local/go/src/net/http/server.go:1947 +0xb0
panic({0x102d8ca40?, 0x1400009d080?})
	/usr/local/go/src/runtime/panic.go:785 +0x124
text/template.Must(...)
	/usr/local/go/src/text/template/helper.go:26
todo-app-withgo/app/controllers.generateHTML({0x102dfbfa8, 0x140000c49a0}, {0x0, 0x0}, {0x14000177a98?, 0x0?, 0x0?})
	/Users/wa/go/src/todo-app-withgo/app/controllers/server.go:17 +0x218
todo-app-withgo/app/controllers.index({0x102dfbfa8, 0x140000c49a0}, 0x140000b0a00)
	/Users/wa/go/src/todo-app-withgo/app/controllers/route_main.go:22 +0xb8
net/http.HandlerFunc.ServeHTTP(0x10306c5a0?, {0x102dfbfa8?, 0x140000c49a0?}, 0x102af3124?)
	/usr/local/go/src/net/http/server.go:2220 +0x38
net/http.(*ServeMux).ServeHTTP(0x0?, {0x102dfbfa8, 0x140000c49a0}, 0x140000b0a00)
	/usr/local/go/src/net/http/server.go:2747 +0x1b4
net/http.serverHandler.ServeHTTP({0x1400032ab10?}, {0x102dfbfa8?, 0x140000c49a0?}, 0x6?)
	/usr/local/go/src/net/http/server.go:3210 +0xbc
net/http.(*conn).serve(0x140000aa990, {0x102dfc710, 0x140001252c0})
	/usr/local/go/src/net/http/server.go:2092 +0x4fc
created by net/http.(*Server).Serve in goroutine 1
	/usr/local/go/src/net/http/server.go:3360 +0x3dc
2025/01/15 15:05:47 server.go:3489: http: panic serving [::1]:62227: template: index.html:5: unexpected EOF
goroutine 66 [running]:
net/http.(*conn).serve.func1()
	/usr/local/go/src/net/http/server.go:1947 +0xb0
panic({0x102d8ca40?, 0x1400009d2a0?})
	/usr/local/go/src/runtime/panic.go:785 +0x124
text/template.Must(...)
	/usr/local/go/src/text/template/helper.go:26
todo-app-withgo/app/controllers.generateHTML({0x102dfbfa8, 0x140000c4a80}, {0x0, 0x0}, {0x14000177a98?, 0x0?, 0x0?})
	/Users/wa/go/src/todo-app-withgo/app/controllers/server.go:17 +0x218
todo-app-withgo/app/controllers.index({0x102dfbfa8, 0x140000c4a80}, 0x140000b0c80)
	/Users/wa/go/src/todo-app-withgo/app/controllers/route_main.go:22 +0xb8
net/http.HandlerFunc.ServeHTTP(0x10306c5a0?, {0x102dfbfa8?, 0x140000c4a80?}, 0x102af3124?)
	/usr/local/go/src/net/http/server.go:2220 +0x38
net/http.(*ServeMux).ServeHTTP(0x0?, {0x102dfbfa8, 0x140000c4a80}, 0x140000b0c80)
	/usr/local/go/src/net/http/server.go:2747 +0x1b4
net/http.serverHandler.ServeHTTP({0x1400032b290?}, {0x102dfbfa8?, 0x140000c4a80?}, 0x6?)
	/usr/local/go/src/net/http/server.go:3210 +0xbc
net/http.(*conn).serve(0x140000aab40, {0x102dfc710, 0x140001252c0})
	/usr/local/go/src/net/http/server.go:2092 +0x4fc
created by net/http.(*Server).Serve in goroutine 1
	/usr/local/go/src/net/http/server.go:3360 +0x3dc
2025/01/15 15:05:47 server.go:3489: http: panic serving [::1]:62228: template: index.html:5: unexpected EOF
goroutine 67 [running]:
net/http.(*conn).serve.func1()
	/usr/local/go/src/net/http/server.go:1947 +0xb0
panic({0x102d8ca40?, 0x140000128a0?})
	/usr/local/go/src/runtime/panic.go:785 +0x124
text/template.Must(...)
	/usr/local/go/src/text/template/helper.go:26
todo-app-withgo/app/controllers.generateHTML({0x102dfbfa8, 0x140002848c0}, {0x0, 0x0}, {0x14000177a98?, 0x0?, 0x0?})
	/Users/wa/go/src/todo-app-withgo/app/controllers/server.go:17 +0x218
todo-app-withgo/app/controllers.index({0x102dfbfa8, 0x140002848c0}, 0x14000280b40)
	/Users/wa/go/src/todo-app-withgo/app/controllers/route_main.go:22 +0xb8
net/http.HandlerFunc.ServeHTTP(0x10306c5a0?, {0x102dfbfa8?, 0x140002848c0?}, 0x102af3124?)
	/usr/local/go/src/net/http/server.go:2220 +0x38
net/http.(*ServeMux).ServeHTTP(0x0?, {0x102dfbfa8, 0x140002848c0}, 0x14000280b40)
	/usr/local/go/src/net/http/server.go:2747 +0x1b4
net/http.serverHandler.ServeHTTP({0x1400032b230?}, {0x102dfbfa8?, 0x140002848c0?}, 0x6?)
	/usr/local/go/src/net/http/server.go:3210 +0xbc
net/http.(*conn).serve(0x140000aabd0, {0x102dfc710, 0x140001252c0})
	/usr/local/go/src/net/http/server.go:2092 +0x4fc
created by net/http.(*Server).Serve in goroutine 1
	/usr/local/go/src/net/http/server.go:3360 +0x3dc
2025/01/15 15:05:47 server.go:3489: http: panic serving [::1]:62229: template: index.html:5: unexpected EOF
goroutine 15 [running]:
net/http.(*conn).serve.func1()
	/usr/local/go/src/net/http/server.go:1947 +0xb0
panic({0x102d8ca40?, 0x14000012ab0?})
	/usr/local/go/src/runtime/panic.go:785 +0x124
text/template.Must(...)
	/usr/local/go/src/text/template/helper.go:26
todo-app-withgo/app/controllers.generateHTML({0x102dfbfa8, 0x14000284a80}, {0x0, 0x0}, {0x14000177a98?, 0x0?, 0x0?})
	/Users/wa/go/src/todo-app-withgo/app/controllers/server.go:17 +0x218
todo-app-withgo/app/controllers.index({0x102dfbfa8, 0x14000284a80}, 0x14000280c80)
	/Users/wa/go/src/todo-app-withgo/app/controllers/route_main.go:22 +0xb8
net/http.HandlerFunc.ServeHTTP(0x10306c5a0?, {0x102dfbfa8?, 0x14000284a80?}, 0x102af3124?)
	/usr/local/go/src/net/http/server.go:2220 +0x38
net/http.(*ServeMux).ServeHTTP(0x0?, {0x102dfbfa8, 0x14000284a80}, 0x14000280c80)
	/usr/local/go/src/net/http/server.go:2747 +0x1b4
net/http.serverHandler.ServeHTTP({0x1400007fbc0?}, {0x102dfbfa8?, 0x14000284a80?}, 0x6?)
	/usr/local/go/src/net/http/server.go:3210 +0xbc
net/http.(*conn).serve(0x14000282bd0, {0x102dfc710, 0x140001252c0})
	/usr/local/go/src/net/http/server.go:2092 +0x4fc
created by net/http.(*Server).Serve in goroutine 1
	/usr/local/go/src/net/http/server.go:3360 +0x3dc
2025/01/15 15:05:58 server.go:3489: http: panic serving [::1]:62245: template: index.html:5: unexpected EOF
goroutine 82 [running]:
net/http.(*conn).serve.func1()
	/usr/local/go/src/net/http/server.go:1947 +0xb0
panic({0x102d8ca40?, 0x14000012f10?})
	/usr/local/go/src/runtime/panic.go:785 +0x124
text/template.Must(...)
	/usr/local/go/src/text/template/helper.go:26
todo-app-withgo/app/controllers.generateHTML({0x102dfbfa8, 0x14000284d20}, {0x0, 0x0}, {0x14000177a98?, 0x0?, 0x0?})
	/Users/wa/go/src/todo-app-withgo/app/controllers/server.go:17 +0x218
todo-app-withgo/app/controllers.index({0x102dfbfa8, 0x14000284d20}, 0x140002812c0)
	/Users/wa/go/src/todo-app-withgo/app/controllers/route_main.go:22 +0xb8
net/http.HandlerFunc.ServeHTTP(0x10306c5a0?, {0x102dfbfa8?, 0x14000284d20?}, 0x102af3124?)
	/usr/local/go/src/net/http/server.go:2220 +0x38
net/http.(*ServeMux).ServeHTTP(0x0?, {0x102dfbfa8, 0x14000284d20}, 0x140002812c0)
	/usr/local/go/src/net/http/server.go:2747 +0x1b4
net/http.serverHandler.ServeHTTP({0x140002f23c0?}, {0x102dfbfa8?, 0x14000284d20?}, 0x6?)
	/usr/local/go/src/net/http/server.go:3210 +0xbc
net/http.(*conn).serve(0x14000282d80, {0x102dfc710, 0x140001252c0})
	/usr/local/go/src/net/http/server.go:2092 +0x4fc
created by net/http.(*Server).Serve in goroutine 1
	/usr/local/go/src/net/http/server.go:3360 +0x3dc
2025/01/15 15:05:58 server.go:3489: http: panic serving [::1]:62246: template: index.html:5: unexpected EOF
goroutine 83 [running]:
net/http.(*conn).serve.func1()
	/usr/local/go/src/net/http/server.go:1947 +0xb0
panic({0x102d8ca40?, 0x14000013110?})
	/usr/local/go/src/runtime/panic.go:785 +0x124
text/template.Must(...)
	/usr/local/go/src/text/template/helper.go:26
todo-app-withgo/app/controllers.generateHTML({0x102dfbfa8, 0x14000284e00}, {0x0, 0x0}, {0x14000177a98?, 0x0?, 0x0?})
	/Users/wa/go/src/todo-app-withgo/app/controllers/server.go:17 +0x218
todo-app-withgo/app/controllers.index({0x102dfbfa8, 0x14000284e00}, 0x14000280dc0)
	/Users/wa/go/src/todo-app-withgo/app/controllers/route_main.go:22 +0xb8
net/http.HandlerFunc.ServeHTTP(0x10306c5a0?, {0x102dfbfa8?, 0x14000284e00?}, 0x102af3124?)
	/usr/local/go/src/net/http/server.go:2220 +0x38
net/http.(*ServeMux).ServeHTTP(0x0?, {0x102dfbfa8, 0x14000284e00}, 0x14000280dc0)
	/usr/local/go/src/net/http/server.go:2747 +0x1b4
net/http.serverHandler.ServeHTTP({0x140002f2360?}, {0x102dfbfa8?, 0x14000284e00?}, 0x6?)
	/usr/local/go/src/net/http/server.go:3210 +0xbc
net/http.(*conn).serve(0x14000282e10, {0x102dfc710, 0x140001252c0})
	/usr/local/go/src/net/http/server.go:2092 +0x4fc
created by net/http.(*Server).Serve in goroutine 1
	/usr/local/go/src/net/http/server.go:3360 +0x3dc
2025/01/15 15:05:58 server.go:3489: http: panic serving [::1]:62247: template: index.html:5: unexpected EOF
goroutine 88 [running]:
net/http.(*conn).serve.func1()
	/usr/local/go/src/net/http/server.go:1947 +0xb0
panic({0x102d8ca40?, 0x1400009d570?})
	/usr/local/go/src/runtime/panic.go:785 +0x124
text/template.Must(...)
	/usr/local/go/src/text/template/helper.go:26
todo-app-withgo/app/controllers.generateHTML({0x102dfbfa8, 0x140000c4d20}, {0x0, 0x0}, {0x14000179a98?, 0x0?, 0x0?})
	/Users/wa/go/src/todo-app-withgo/app/controllers/server.go:17 +0x218
todo-app-withgo/app/controllers.index({0x102dfbfa8, 0x140000c4d20}, 0x14000281400)
	/Users/wa/go/src/todo-app-withgo/app/controllers/route_main.go:22 +0xb8
net/http.HandlerFunc.ServeHTTP(0x10306c5a0?, {0x102dfbfa8?, 0x140000c4d20?}, 0x102af3124?)
	/usr/local/go/src/net/http/server.go:2220 +0x38
net/http.(*ServeMux).ServeHTTP(0x0?, {0x102dfbfa8, 0x140000c4d20}, 0x14000281400)
	/usr/local/go/src/net/http/server.go:2747 +0x1b4
net/http.serverHandler.ServeHTTP({0x140002f33e0?}, {0x102dfbfa8?, 0x140000c4d20?}, 0x6?)
	/usr/local/go/src/net/http/server.go:3210 +0xbc
net/http.(*conn).serve(0x14000283320, {0x102dfc710, 0x140001252c0})
	/usr/local/go/src/net/http/server.go:2092 +0x4fc
created by net/http.(*Server).Serve in goroutine 1
	/usr/local/go/src/net/http/server.go:3360 +0x3dc
2025/01/15 15:05:59 server.go:3489: http: panic serving [::1]:62251: template: index.html:5: unexpected EOF
goroutine 71 [running]:
net/http.(*conn).serve.func1()
	/usr/local/go/src/net/http/server.go:1947 +0xb0
panic({0x102d8ca40?, 0x14000116fa0?})
	/usr/local/go/src/runtime/panic.go:785 +0x124
text/template.Must(...)
	/usr/local/go/src/text/template/helper.go:26
todo-app-withgo/app/controllers.generateHTML({0x102dfbfa8, 0x1400016a7e0}, {0x0, 0x0}, {0x1400017da98?, 0x0?, 0x0?})
	/Users/wa/go/src/todo-app-withgo/app/controllers/server.go:17 +0x218
todo-app-withgo/app/controllers.index({0x102dfbfa8, 0x1400016a7e0}, 0x14000154dc0)
	/Users/wa/go/src/todo-app-withgo/app/controllers/route_main.go:22 +0xb8
net/http.HandlerFunc.ServeHTTP(0x10306c5a0?, {0x102dfbfa8?, 0x1400016a7e0?}, 0x102af3124?)
	/usr/local/go/src/net/http/server.go:2220 +0x38
net/http.(*ServeMux).ServeHTTP(0x0?, {0x102dfbfa8, 0x1400016a7e0}, 0x14000154dc0)
	/usr/local/go/src/net/http/server.go:2747 +0x1b4
net/http.serverHandler.ServeHTTP({0x1400022f620?}, {0x102dfbfa8?, 0x1400016a7e0?}, 0x6?)
	/usr/local/go/src/net/http/server.go:3210 +0xbc
net/http.(*conn).serve(0x140000ab050, {0x102dfc710, 0x140001252c0})
	/usr/local/go/src/net/http/server.go:2092 +0x4fc
created by net/http.(*Server).Serve in goroutine 1
	/usr/local/go/src/net/http/server.go:3360 +0x3dc
2025/01/15 15:06:04 server.go:3489: http: panic serving [::1]:62259: template: index.html:5: unexpected EOF
goroutine 47 [running]:
net/http.(*conn).serve.func1()
	/usr/local/go/src/net/http/server.go:1947 +0xb0
panic({0x102d8ca40?, 0x140001171b0?})
	/usr/local/go/src/runtime/panic.go:785 +0x124
text/template.Must(...)
	/usr/local/go/src/text/template/helper.go:26
todo-app-withgo/app/controllers.generateHTML({0x102dfbfa8, 0x1400016a8c0}, {0x0, 0x0}, {0x1400017da98?, 0x0?, 0x0?})
	/Users/wa/go/src/todo-app-withgo/app/controllers/server.go:17 +0x218
todo-app-withgo/app/controllers.index({0x102dfbfa8, 0x1400016a8c0}, 0x14000154f00)
	/Users/wa/go/src/todo-app-withgo/app/controllers/route_main.go:22 +0xb8
net/http.HandlerFunc.ServeHTTP(0x10306c5a0?, {0x102dfbfa8?, 0x1400016a8c0?}, 0x102af3124?)
	/usr/local/go/src/net/http/server.go:2220 +0x38
net/http.(*ServeMux).ServeHTTP(0x0?, {0x102dfbfa8, 0x1400016a8c0}, 0x14000154f00)
	/usr/local/go/src/net/http/server.go:2747 +0x1b4
net/http.serverHandler.ServeHTTP({0x1400022fd40?}, {0x102dfbfa8?, 0x1400016a8c0?}, 0x6?)
	/usr/local/go/src/net/http/server.go:3210 +0xbc
net/http.(*conn).serve(0x14000206990, {0x102dfc710, 0x140001252c0})
	/usr/local/go/src/net/http/server.go:2092 +0x4fc
created by net/http.(*Server).Serve in goroutine 1
	/usr/local/go/src/net/http/server.go:3360 +0x3dc
2025/01/15 15:06:06 server.go:3489: http: panic serving [::1]:62271: template: index.html:5: unexpected EOF
goroutine 73 [running]:
net/http.(*conn).serve.func1()
	/usr/local/go/src/net/http/server.go:1947 +0xb0
panic({0x102d8ca40?, 0x140001173d0?})
	/usr/local/go/src/runtime/panic.go:785 +0x124
text/template.Must(...)
	/usr/local/go/src/text/template/helper.go:26
todo-app-withgo/app/controllers.generateHTML({0x102dfbfa8, 0x1400016aa80}, {0x0, 0x0}, {0x14000177a98?, 0x0?, 0x0?})
	/Users/wa/go/src/todo-app-withgo/app/controllers/server.go:17 +0x218
todo-app-withgo/app/controllers.index({0x102dfbfa8, 0x1400016aa80}, 0x140001552c0)
	/Users/wa/go/src/todo-app-withgo/app/controllers/route_main.go:22 +0xb8
net/http.HandlerFunc.ServeHTTP(0x10306c5a0?, {0x102dfbfa8?, 0x1400016aa80?}, 0x102af3124?)
	/usr/local/go/src/net/http/server.go:2220 +0x38
net/http.(*ServeMux).ServeHTTP(0x0?, {0x102dfbfa8, 0x1400016aa80}, 0x140001552c0)
	/usr/local/go/src/net/http/server.go:2747 +0x1b4
net/http.serverHandler.ServeHTTP({0x1400037e300?}, {0x102dfbfa8?, 0x1400016aa80?}, 0x6?)
	/usr/local/go/src/net/http/server.go:3210 +0xbc
net/http.(*conn).serve(0x140000ab170, {0x102dfc710, 0x140001252c0})
	/usr/local/go/src/net/http/server.go:2092 +0x4fc
created by net/http.(*Server).Serve in goroutine 1
	/usr/local/go/src/net/http/server.go:3360 +0x3dc
2025/01/15 15:06:06 server.go:3489: http: panic serving [::1]:62272: template: index.html:5: unexpected EOF
goroutine 74 [running]:
net/http.(*conn).serve.func1()
	/usr/local/go/src/net/http/server.go:1947 +0xb0
panic({0x102d8ca40?, 0x1400009d7a0?})
	/usr/local/go/src/runtime/panic.go:785 +0x124
text/template.Must(...)
	/usr/local/go/src/text/template/helper.go:26
todo-app-withgo/app/controllers.generateHTML({0x102dfbfa8, 0x140000c4ee0}, {0x0, 0x0}, {0x14000179a98?, 0x0?, 0x0?})
	/Users/wa/go/src/todo-app-withgo/app/controllers/server.go:17 +0x218
todo-app-withgo/app/controllers.index({0x102dfbfa8, 0x140000c4ee0}, 0x140000b0f00)
	/Users/wa/go/src/todo-app-withgo/app/controllers/route_main.go:22 +0xb8
net/http.HandlerFunc.ServeHTTP(0x10306c5a0?, {0x102dfbfa8?, 0x140000c4ee0?}, 0x102af3124?)
	/usr/local/go/src/net/http/server.go:2220 +0x38
net/http.(*ServeMux).ServeHTTP(0x0?, {0x102dfbfa8, 0x140000c4ee0}, 0x140000b0f00)
	/usr/local/go/src/net/http/server.go:2747 +0x1b4
net/http.serverHandler.ServeHTTP({0x1400037e2a0?}, {0x102dfbfa8?, 0x140000c4ee0?}, 0x6?)
	/usr/local/go/src/net/http/server.go:3210 +0xbc
net/http.(*conn).serve(0x140000ab200, {0x102dfc710, 0x140001252c0})
	/usr/local/go/src/net/http/server.go:2092 +0x4fc
created by net/http.(*Server).Serve in goroutine 1
	/usr/local/go/src/net/http/server.go:3360 +0x3dc
2025/01/15 15:06:06 server.go:3489: http: panic serving [::1]:62273: template: index.html:5: unexpected EOF
goroutine 90 [running]:
net/http.(*conn).serve.func1()
	/usr/local/go/src/net/http/server.go:1947 +0xb0
panic({0x102d8ca40?, 0x14000013400?})
	/usr/local/go/src/runtime/panic.go:785 +0x124
text/template.Must(...)
	/usr/local/go/src/text/template/helper.go:26
todo-app-withgo/app/controllers.generateHTML({0x102dfbfa8, 0x14000285180}, {0x0, 0x0}, {0x14000415a98?, 0x0?, 0x0?})
	/Users/wa/go/src/todo-app-withgo/app/controllers/server.go:17 +0x218
todo-app-withgo/app/controllers.index({0x102dfbfa8, 0x14000285180}, 0x14000281540)
	/Users/wa/go/src/todo-app-withgo/app/controllers/route_main.go:22 +0xb8
net/http.HandlerFunc.ServeHTTP(0x10306c5a0?, {0x102dfbfa8?, 0x14000285180?}, 0x102af3124?)
	/usr/local/go/src/net/http/server.go:2220 +0x38
net/http.(*ServeMux).ServeHTTP(0x0?, {0x102dfbfa8, 0x14000285180}, 0x14000281540)
	/usr/local/go/src/net/http/server.go:2747 +0x1b4
net/http.serverHandler.ServeHTTP({0x140002f35f0?}, {0x102dfbfa8?, 0x14000285180?}, 0x6?)
	/usr/local/go/src/net/http/server.go:3210 +0xbc
net/http.(*conn).serve(0x14000283560, {0x102dfc710, 0x140001252c0})
	/usr/local/go/src/net/http/server.go:2092 +0x4fc
created by net/http.(*Server).Serve in goroutine 1
	/usr/local/go/src/net/http/server.go:3360 +0x3dc
2025/01/15 15:06:08 server.go:3489: http: panic serving [::1]:62275: template: index.html:5: unexpected EOF
goroutine 92 [running]:
net/http.(*conn).serve.func1()
	/usr/local/go/src/net/http/server.go:1947 +0xb0
panic({0x102d8ca40?, 0x1400009d9b0?})
	/usr/local/go/src/runtime/panic.go:785 +0x124
text/template.Must(...)
	/usr/local/go/src/text/template/helper.go:26
todo-app-withgo/app/controllers.generateHTML({0x102dfbfa8, 0x140000c4fc0}, {0x0, 0x0}, {0x14000415a98?, 0x0?, 0x0?})
	/Users/wa/go/src/todo-app-withgo/app/controllers/server.go:17 +0x218
todo-app-withgo/app/controllers.index({0x102dfbfa8, 0x140000c4fc0}, 0x140000b12c0)
	/Users/wa/go/src/todo-app-withgo/app/controllers/route_main.go:22 +0xb8
net/http.HandlerFunc.ServeHTTP(0x10306c5a0?, {0x102dfbfa8?, 0x140000c4fc0?}, 0x102af3124?)
	/usr/local/go/src/net/http/server.go:2220 +0x38
net/http.(*ServeMux).ServeHTTP(0x0?, {0x102dfbfa8, 0x140000c4fc0}, 0x140000b12c0)
	/usr/local/go/src/net/http/server.go:2747 +0x1b4
net/http.serverHandler.ServeHTTP({0x140002f3cb0?}, {0x102dfbfa8?, 0x140000c4fc0?}, 0x6?)
	/usr/local/go/src/net/http/server.go:3210 +0xbc
net/http.(*conn).serve(0x14000283710, {0x102dfc710, 0x140001252c0})
	/usr/local/go/src/net/http/server.go:2092 +0x4fc
created by net/http.(*Server).Serve in goroutine 1
	/usr/local/go/src/net/http/server.go:3360 +0x3dc
2025/01/15 15:06:08 server.go:3489: http: panic serving [::1]:62276: template: index.html:5: unexpected EOF
goroutine 76 [running]:
net/http.(*conn).serve.func1()
	/usr/local/go/src/net/http/server.go:1947 +0xb0
panic({0x102d8ca40?, 0x1400009dbb0?})
	/usr/local/go/src/runtime/panic.go:785 +0x124
text/template.Must(...)
	/usr/local/go/src/text/template/helper.go:26
todo-app-withgo/app/controllers.generateHTML({0x102dfbfa8, 0x140000c50a0}, {0x0, 0x0}, {0x14000415a98?, 0x0?, 0x0?})
	/Users/wa/go/src/todo-app-withgo/app/controllers/server.go:17 +0x218
todo-app-withgo/app/controllers.index({0x102dfbfa8, 0x140000c50a0}, 0x140000b1180)
	/Users/wa/go/src/todo-app-withgo/app/controllers/route_main.go:22 +0xb8
net/http.HandlerFunc.ServeHTTP(0x10306c5a0?, {0x102dfbfa8?, 0x140000c50a0?}, 0x102af3124?)
	/usr/local/go/src/net/http/server.go:2220 +0x38
net/http.(*ServeMux).ServeHTTP(0x0?, {0x102dfbfa8, 0x140000c50a0}, 0x140000b1180)
	/usr/local/go/src/net/http/server.go:2747 +0x1b4
net/http.serverHandler.ServeHTTP({0x1400037e9c0?}, {0x102dfbfa8?, 0x140000c50a0?}, 0x6?)
	/usr/local/go/src/net/http/server.go:3210 +0xbc
net/http.(*conn).serve(0x140000ab3b0, {0x102dfc710, 0x140001252c0})
	/usr/local/go/src/net/http/server.go:2092 +0x4fc
created by net/http.(*Server).Serve in goroutine 1
	/usr/local/go/src/net/http/server.go:3360 +0x3dc
2025/01/15 15:06:08 server.go:3489: http: panic serving [::1]:62277: template: index.html:5: unexpected EOF
goroutine 79 [running]:
net/http.(*conn).serve.func1()
	/usr/local/go/src/net/http/server.go:1947 +0xb0
panic({0x102d8ca40?, 0x1400009ddc0?})
	/usr/local/go/src/runtime/panic.go:785 +0x124
text/template.Must(...)
	/usr/local/go/src/text/template/helper.go:26
todo-app-withgo/app/controllers.generateHTML({0x102dfbfa8, 0x140000c5180}, {0x0, 0x0}, {0x14000415a98?, 0x0?, 0x0?})
	/Users/wa/go/src/todo-app-withgo/app/controllers/server.go:17 +0x218
todo-app-withgo/app/controllers.index({0x102dfbfa8, 0x140000c5180}, 0x140000b1400)
	/Users/wa/go/src/todo-app-withgo/app/controllers/route_main.go:22 +0xb8
net/http.HandlerFunc.ServeHTTP(0x10306c5a0?, {0x102dfbfa8?, 0x140000c5180?}, 0x102af3124?)
	/usr/local/go/src/net/http/server.go:2220 +0x38
net/http.(*ServeMux).ServeHTTP(0x0?, {0x102dfbfa8, 0x140000c5180}, 0x140000b1400)
	/usr/local/go/src/net/http/server.go:2747 +0x1b4
net/http.serverHandler.ServeHTTP({0x1400037f650?}, {0x102dfbfa8?, 0x140000c5180?}, 0x6?)
	/usr/local/go/src/net/http/server.go:3210 +0xbc
net/http.(*conn).serve(0x140000ab5f0, {0x102dfc710, 0x140001252c0})
	/usr/local/go/src/net/http/server.go:2092 +0x4fc
created by net/http.(*Server).Serve in goroutine 1
	/usr/local/go/src/net/http/server.go:3360 +0x3dc
2025/01/15 15:06:09 server.go:3489: http: panic serving [::1]:62278: template: index.html:5: unexpected EOF
goroutine 81 [running]:
net/http.(*conn).serve.func1()
	/usr/local/go/src/net/http/server.go:1947 +0xb0
panic({0x102d8ca40?, 0x140003fe050?})
	/usr/local/go/src/runtime/panic.go:785 +0x124
text/template.Must(...)
	/usr/local/go/src/text/template/helper.go:26
todo-app-withgo/app/controllers.generateHTML({0x102dfbfa8, 0x140000c5260}, {0x0, 0x0}, {0x14000415a98?, 0x0?, 0x0?})
	/Users/wa/go/src/todo-app-withgo/app/controllers/server.go:17 +0x218
todo-app-withgo/app/controllers.index({0x102dfbfa8, 0x140000c5260}, 0x140000b1540)
	/Users/wa/go/src/todo-app-withgo/app/controllers/route_main.go:22 +0xb8
net/http.HandlerFunc.ServeHTTP(0x10306c5a0?, {0x102dfbfa8?, 0x140000c5260?}, 0x102af3124?)
	/usr/local/go/src/net/http/server.go:2220 +0x38
net/http.(*ServeMux).ServeHTTP(0x0?, {0x102dfbfa8, 0x140000c5260}, 0x140000b1540)
	/usr/local/go/src/net/http/server.go:2747 +0x1b4
net/http.serverHandler.ServeHTTP({0x1400037fd10?}, {0x102dfbfa8?, 0x140000c5260?}, 0x6?)
	/usr/local/go/src/net/http/server.go:3210 +0xbc
net/http.(*conn).serve(0x140000ab7a0, {0x102dfc710, 0x140001252c0})
	/usr/local/go/src/net/http/server.go:2092 +0x4fc
created by net/http.(*Server).Serve in goroutine 1
	/usr/local/go/src/net/http/server.go:3360 +0x3dc
2025/01/15 15:06:10 server.go:3489: http: panic serving [::1]:62280: template: index.html:5: unexpected EOF
goroutine 115 [running]:
net/http.(*conn).serve.func1()
	/usr/local/go/src/net/http/server.go:1947 +0xb0
panic({0x102d8ca40?, 0x140003fe260?})
	/usr/local/go/src/runtime/panic.go:785 +0x124
text/template.Must(...)
	/usr/local/go/src/text/template/helper.go:26
todo-app-withgo/app/controllers.generateHTML({0x102dfbfa8, 0x140000c5340}, {0x0, 0x0}, {0x14000415a98?, 0x0?, 0x0?})
	/Users/wa/go/src/todo-app-withgo/app/controllers/server.go:17 +0x218
todo-app-withgo/app/controllers.index({0x102dfbfa8, 0x140000c5340}, 0x140000b1680)
	/Users/wa/go/src/todo-app-withgo/app/controllers/route_main.go:22 +0xb8
net/http.HandlerFunc.ServeHTTP(0x10306c5a0?, {0x102dfbfa8?, 0x140000c5340?}, 0x102af3124?)
	/usr/local/go/src/net/http/server.go:2220 +0x38
net/http.(*ServeMux).ServeHTTP(0x0?, {0x102dfbfa8, 0x140000c5340}, 0x140000b1680)
	/usr/local/go/src/net/http/server.go:2747 +0x1b4
net/http.serverHandler.ServeHTTP({0x140003fa450?}, {0x102dfbfa8?, 0x140000c5340?}, 0x6?)
	/usr/local/go/src/net/http/server.go:3210 +0xbc
net/http.(*conn).serve(0x140000ab950, {0x102dfc710, 0x140001252c0})
	/usr/local/go/src/net/http/server.go:2092 +0x4fc
created by net/http.(*Server).Serve in goroutine 1
	/usr/local/go/src/net/http/server.go:3360 +0x3dc
2025/01/15 15:06:15 server.go:3489: http: panic serving [::1]:62291: template: index.html:5: unexpected EOF
goroutine 118 [running]:
net/http.(*conn).serve.func1()
	/usr/local/go/src/net/http/server.go:1947 +0xb0
panic({0x102d8ca40?, 0x140003fe480?})
	/usr/local/go/src/runtime/panic.go:785 +0x124
text/template.Must(...)
	/usr/local/go/src/text/template/helper.go:26
todo-app-withgo/app/controllers.generateHTML({0x102dfbfa8, 0x140000c5420}, {0x0, 0x0}, {0x14000415a98?, 0x0?, 0x0?})
	/Users/wa/go/src/todo-app-withgo/app/controllers/server.go:17 +0x218
todo-app-withgo/app/controllers.index({0x102dfbfa8, 0x140000c5420}, 0x140000b1900)
	/Users/wa/go/src/todo-app-withgo/app/controllers/route_main.go:22 +0xb8
net/http.HandlerFunc.ServeHTTP(0x10306c5a0?, {0x102dfbfa8?, 0x140000c5420?}, 0x102af3124?)
	/usr/local/go/src/net/http/server.go:2220 +0x38
net/http.(*ServeMux).ServeHTTP(0x0?, {0x102dfbfa8, 0x140000c5420}, 0x140000b1900)
	/usr/local/go/src/net/http/server.go:2747 +0x1b4
net/http.serverHandler.ServeHTTP({0x140003fabd0?}, {0x102dfbfa8?, 0x140000c5420?}, 0x6?)
	/usr/local/go/src/net/http/server.go:3210 +0xbc
net/http.(*conn).serve(0x140000abb90, {0x102dfc710, 0x140001252c0})
	/usr/local/go/src/net/http/server.go:2092 +0x4fc
created by net/http.(*Server).Serve in goroutine 1
	/usr/local/go/src/net/http/server.go:3360 +0x3dc
2025/01/15 15:06:45 server.go:3489: http: panic serving [::1]:62365: template: index.html:5: unexpected EOF
goroutine 95 [running]:
net/http.(*conn).serve.func1()
	/usr/local/go/src/net/http/server.go:1947 +0xb0
panic({0x102d8ca40?, 0x14000012210?})
	/usr/local/go/src/runtime/panic.go:785 +0x124
text/template.Must(...)
	/usr/local/go/src/text/template/helper.go:26
todo-app-withgo/app/controllers.generateHTML({0x102dfbfa8, 0x140000c4000}, {0x0, 0x0}, {0x14000177a98?, 0x0?, 0x0?})
	/Users/wa/go/src/todo-app-withgo/app/controllers/server.go:17 +0x218
todo-app-withgo/app/controllers.index({0x102dfbfa8, 0x140000c4000}, 0x140000b0000)
	/Users/wa/go/src/todo-app-withgo/app/controllers/route_main.go:22 +0xb8
net/http.HandlerFunc.ServeHTTP(0x10306c5a0?, {0x102dfbfa8?, 0x140000c4000?}, 0x102af3124?)
	/usr/local/go/src/net/http/server.go:2220 +0x38
net/http.(*ServeMux).ServeHTTP(0x0?, {0x102dfbfa8, 0x140000c4000}, 0x140000b0000)
	/usr/local/go/src/net/http/server.go:2747 +0x1b4
net/http.serverHandler.ServeHTTP({0x140002f2030?}, {0x102dfbfa8?, 0x140000c4000?}, 0x6?)
	/usr/local/go/src/net/http/server.go:3210 +0xbc
net/http.(*conn).serve(0x140000aa000, {0x102dfc710, 0x140001252c0})
	/usr/local/go/src/net/http/server.go:2092 +0x4fc
created by net/http.(*Server).Serve in goroutine 1
	/usr/local/go/src/net/http/server.go:3360 +0x3dc
2025/01/15 15:07:45 server.go:3489: http: panic serving [::1]:62466: template: index.html:5: unexpected EOF
goroutine 131 [running]:
net/http.(*conn).serve.func1()
	/usr/local/go/src/net/http/server.go:1947 +0xb0
panic({0x102d8ca40?, 0x140001163f0?})
	/usr/local/go/src/runtime/panic.go:785 +0x124
text/template.Must(...)
	/usr/local/go/src/text/template/helper.go:26
todo-app-withgo/app/controllers.generateHTML({0x102dfbfa8, 0x1400016a0e0}, {0x0, 0x0}, {0x140000e3a98?, 0x0?, 0x0?})
	/Users/wa/go/src/todo-app-withgo/app/controllers/server.go:17 +0x218
todo-app-withgo/app/controllers.index({0x102dfbfa8, 0x1400016a0e0}, 0x14000056000)
	/Users/wa/go/src/todo-app-withgo/app/controllers/route_main.go:22 +0xb8
net/http.HandlerFunc.ServeHTTP(0x10306c5a0?, {0x102dfbfa8?, 0x1400016a0e0?}, 0x102af3124?)
	/usr/local/go/src/net/http/server.go:2220 +0x38
net/http.(*ServeMux).ServeHTTP(0x0?, {0x102dfbfa8, 0x1400016a0e0}, 0x14000056000)
	/usr/local/go/src/net/http/server.go:2747 +0x1b4
net/http.serverHandler.ServeHTTP({0x14000266030?}, {0x102dfbfa8?, 0x1400016a0e0?}, 0x6?)
	/usr/local/go/src/net/http/server.go:3210 +0xbc
net/http.(*conn).serve(0x140002061b0, {0x102dfc710, 0x140001252c0})
	/usr/local/go/src/net/http/server.go:2092 +0x4fc
created by net/http.(*Server).Serve in goroutine 1
	/usr/local/go/src/net/http/server.go:3360 +0x3dc
2025/01/15 15:12:45 server.go:3489: http: panic serving [::1]:62925: template: index.html:5: unexpected EOF
goroutine 101 [running]:
net/http.(*conn).serve.func1()
	/usr/local/go/src/net/http/server.go:1947 +0xb0
panic({0x102d8ca40?, 0x14000012220?})
	/usr/local/go/src/runtime/panic.go:785 +0x124
text/template.Must(...)
	/usr/local/go/src/text/template/helper.go:26
todo-app-withgo/app/controllers.generateHTML({0x102dfbfa8, 0x1400016a0e0}, {0x0, 0x0}, {0x1400017da98?, 0x0?, 0x0?})
	/Users/wa/go/src/todo-app-withgo/app/controllers/server.go:17 +0x218
todo-app-withgo/app/controllers.index({0x102dfbfa8, 0x1400016a0e0}, 0x14000056000)
	/Users/wa/go/src/todo-app-withgo/app/controllers/route_main.go:22 +0xb8
net/http.HandlerFunc.ServeHTTP(0x10306c5a0?, {0x102dfbfa8?, 0x1400016a0e0?}, 0x102af3124?)
	/usr/local/go/src/net/http/server.go:2220 +0x38
net/http.(*ServeMux).ServeHTTP(0x0?, {0x102dfbfa8, 0x1400016a0e0}, 0x14000056000)
	/usr/local/go/src/net/http/server.go:2747 +0x1b4
net/http.serverHandler.ServeHTTP({0x1400022e030?}, {0x102dfbfa8?, 0x1400016a0e0?}, 0x6?)
	/usr/local/go/src/net/http/server.go:3210 +0xbc
net/http.(*conn).serve(0x14000206090, {0x102dfc710, 0x140001252c0})
	/usr/local/go/src/net/http/server.go:2092 +0x4fc
created by net/http.(*Server).Serve in goroutine 1
	/usr/local/go/src/net/http/server.go:3360 +0x3dc
2025/01/15 16:15:08 server.go:3489: http: panic serving [::1]:63481: template: index.html:5: unexpected EOF
goroutine 7 [running]:
net/http.(*conn).serve.func1()
	/usr/local/go/src/net/http/server.go:1947 +0xb0
panic({0x100a6ca40?, 0x140001a01e0?})
	/usr/local/go/src/runtime/panic.go:785 +0x124
text/template.Must(...)
	/usr/local/go/src/text/template/helper.go:26
todo-app-withgo/app/controllers.generateHTML({0x100adbfa8, 0x140001a2000}, {0x0, 0x0}, {0x1400012ba98?, 0x0?, 0x0?})
	/Users/wa/go/src/todo-app-withgo/app/controllers/server.go:17 +0x218
todo-app-withgo/app/controllers.index({0x100adbfa8, 0x140001a2000}, 0x14000186000)
	/Users/wa/go/src/todo-app-withgo/app/controllers/route_main.go:22 +0xb8
net/http.HandlerFunc.ServeHTTP(0x100d4c5a0?, {0x100adbfa8?, 0x140001a2000?}, 0x1007d3124?)
	/usr/local/go/src/net/http/server.go:2220 +0x38
net/http.(*ServeMux).ServeHTTP(0x0?, {0x100adbfa8, 0x140001a2000}, 0x14000186000)
	/usr/local/go/src/net/http/server.go:2747 +0x1b4
net/http.serverHandler.ServeHTTP({0x1400010ef00?}, {0x100adbfa8?, 0x140001a2000?}, 0x6?)
	/usr/local/go/src/net/http/server.go:3210 +0xbc
net/http.(*conn).serve(0x14000138090, {0x100adc710, 0x1400010ee10})
	/usr/local/go/src/net/http/server.go:2092 +0x4fc
created by net/http.(*Server).Serve in goroutine 1
	/usr/local/go/src/net/http/server.go:3360 +0x3dc
2025/01/15 16:15:08 server.go:3489: http: panic serving [::1]:63482: template: index.html:5: unexpected EOF
goroutine 19 [running]:
net/http.(*conn).serve.func1()
	/usr/local/go/src/net/http/server.go:1947 +0xb0
panic({0x100a6ca40?, 0x1400009c290?})
	/usr/local/go/src/runtime/panic.go:785 +0x124
text/template.Must(...)
	/usr/local/go/src/text/template/helper.go:26
todo-app-withgo/app/controllers.generateHTML({0x100adbfa8, 0x140000f8000}, {0x0, 0x0}, {0x14000125a98?, 0x0?, 0x0?})
	/Users/wa/go/src/todo-app-withgo/app/controllers/server.go:17 +0x218
todo-app-withgo/app/controllers.index({0x100adbfa8, 0x140000f8000}, 0x140000dc280)
	/Users/wa/go/src/todo-app-withgo/app/controllers/route_main.go:22 +0xb8
net/http.HandlerFunc.ServeHTTP(0x100d4c5a0?, {0x100adbfa8?, 0x140000f8000?}, 0x1007d3124?)
	/usr/local/go/src/net/http/server.go:2220 +0x38
net/http.(*ServeMux).ServeHTTP(0x0?, {0x100adbfa8, 0x140000f8000}, 0x140000dc280)
	/usr/local/go/src/net/http/server.go:2747 +0x1b4
net/http.serverHandler.ServeHTTP({0x140000aa540?}, {0x100adbfa8?, 0x140000f8000?}, 0x6?)
	/usr/local/go/src/net/http/server.go:3210 +0xbc
net/http.(*conn).serve(0x140000e8000, {0x100adc710, 0x1400010ee10})
	/usr/local/go/src/net/http/server.go:2092 +0x4fc
created by net/http.(*Server).Serve in goroutine 1
	/usr/local/go/src/net/http/server.go:3360 +0x3dc
2025/01/15 16:15:08 server.go:3489: http: panic serving [::1]:63483: template: index.html:5: unexpected EOF
goroutine 21 [running]:
net/http.(*conn).serve.func1()
	/usr/local/go/src/net/http/server.go:1947 +0xb0
panic({0x100a6ca40?, 0x1400009c4a0?})
	/usr/local/go/src/runtime/panic.go:785 +0x124
text/template.Must(...)
	/usr/local/go/src/text/template/helper.go:26
todo-app-withgo/app/controllers.generateHTML({0x100adbfa8, 0x140000f80e0}, {0x0, 0x0}, {0x14000125a98?, 0x0?, 0x0?})
	/Users/wa/go/src/todo-app-withgo/app/controllers/server.go:17 +0x218
todo-app-withgo/app/controllers.index({0x100adbfa8, 0x140000f80e0}, 0x140000dc3c0)
	/Users/wa/go/src/todo-app-withgo/app/controllers/route_main.go:22 +0xb8
net/http.HandlerFunc.ServeHTTP(0x100d4c5a0?, {0x100adbfa8?, 0x140000f80e0?}, 0x1007d3124?)
	/usr/local/go/src/net/http/server.go:2220 +0x38
net/http.(*ServeMux).ServeHTTP(0x0?, {0x100adbfa8, 0x140000f80e0}, 0x140000dc3c0)
	/usr/local/go/src/net/http/server.go:2747 +0x1b4
net/http.serverHandler.ServeHTTP({0x140000aac30?}, {0x100adbfa8?, 0x140000f80e0?}, 0x6?)
	/usr/local/go/src/net/http/server.go:3210 +0xbc
net/http.(*conn).serve(0x140000e81b0, {0x100adc710, 0x1400010ee10})
	/usr/local/go/src/net/http/server.go:2092 +0x4fc
created by net/http.(*Server).Serve in goroutine 1
	/usr/local/go/src/net/http/server.go:3360 +0x3dc
2025/01/15 16:15:10 server.go:3489: http: panic serving [::1]:63484: template: index.html:5: unexpected EOF
goroutine 35 [running]:
net/http.(*conn).serve.func1()
	/usr/local/go/src/net/http/server.go:1947 +0xb0
panic({0x100a6ca40?, 0x140001a03f0?})
	/usr/local/go/src/runtime/panic.go:785 +0x124
text/template.Must(...)
	/usr/local/go/src/text/template/helper.go:26
todo-app-withgo/app/controllers.generateHTML({0x100adbfa8, 0x140001a20e0}, {0x0, 0x0}, {0x1400012ba98?, 0x0?, 0x0?})
	/Users/wa/go/src/todo-app-withgo/app/controllers/server.go:17 +0x218
todo-app-withgo/app/controllers.index({0x100adbfa8, 0x140001a20e0}, 0x14000186140)
	/Users/wa/go/src/todo-app-withgo/app/controllers/route_main.go:22 +0xb8
net/http.HandlerFunc.ServeHTTP(0x100d4c5a0?, {0x100adbfa8?, 0x140001a20e0?}, 0x1007d3124?)
	/usr/local/go/src/net/http/server.go:2220 +0x38
net/http.(*ServeMux).ServeHTTP(0x0?, {0x100adbfa8, 0x140001a20e0}, 0x14000186140)
	/usr/local/go/src/net/http/server.go:2747 +0x1b4
net/http.serverHandler.ServeHTTP({0x14000184690?}, {0x100adbfa8?, 0x140001a20e0?}, 0x6?)
	/usr/local/go/src/net/http/server.go:3210 +0xbc
net/http.(*conn).serve(0x1400018a090, {0x100adc710, 0x1400010ee10})
	/usr/local/go/src/net/http/server.go:2092 +0x4fc
created by net/http.(*Server).Serve in goroutine 1
	/usr/local/go/src/net/http/server.go:3360 +0x3dc
2025/01/15 16:15:15 server.go:3489: http: panic serving [::1]:63490: template: index.html:5: unexpected EOF
goroutine 37 [running]:
net/http.(*conn).serve.func1()
	/usr/local/go/src/net/http/server.go:1947 +0xb0
panic({0x100a6ca40?, 0x1400009c6b0?})
	/usr/local/go/src/runtime/panic.go:785 +0x124
text/template.Must(...)
	/usr/local/go/src/text/template/helper.go:26
todo-app-withgo/app/controllers.generateHTML({0x100adbfa8, 0x140000f81c0}, {0x0, 0x0}, {0x14000125a98?, 0x0?, 0x0?})
	/Users/wa/go/src/todo-app-withgo/app/controllers/server.go:17 +0x218
todo-app-withgo/app/controllers.index({0x100adbfa8, 0x140000f81c0}, 0x14000186280)
	/Users/wa/go/src/todo-app-withgo/app/controllers/route_main.go:22 +0xb8
net/http.HandlerFunc.ServeHTTP(0x100d4c5a0?, {0x100adbfa8?, 0x140000f81c0?}, 0x1007d3124?)
	/usr/local/go/src/net/http/server.go:2220 +0x38
net/http.(*ServeMux).ServeHTTP(0x0?, {0x100adbfa8, 0x140000f81c0}, 0x14000186280)
	/usr/local/go/src/net/http/server.go:2747 +0x1b4
net/http.serverHandler.ServeHTTP({0x14000184de0?}, {0x100adbfa8?, 0x140000f81c0?}, 0x6?)
	/usr/local/go/src/net/http/server.go:3210 +0xbc
net/http.(*conn).serve(0x1400018a240, {0x100adc710, 0x1400010ee10})
	/usr/local/go/src/net/http/server.go:2092 +0x4fc
created by net/http.(*Server).Serve in goroutine 1
	/usr/local/go/src/net/http/server.go:3360 +0x3dc
2025/01/15 16:15:45 server.go:3489: http: panic serving [::1]:63578: template: index.html:5: unexpected EOF
goroutine 25 [running]:
net/http.(*conn).serve.func1()
	/usr/local/go/src/net/http/server.go:1947 +0xb0
panic({0x100a6ca40?, 0x1400009c8c0?})
	/usr/local/go/src/runtime/panic.go:785 +0x124
text/template.Must(...)
	/usr/local/go/src/text/template/helper.go:26
todo-app-withgo/app/controllers.generateHTML({0x100adbfa8, 0x140000f82a0}, {0x0, 0x0}, {0x14000125a98?, 0x0?, 0x0?})
	/Users/wa/go/src/todo-app-withgo/app/controllers/server.go:17 +0x218
todo-app-withgo/app/controllers.index({0x100adbfa8, 0x140000f82a0}, 0x140000dc640)
	/Users/wa/go/src/todo-app-withgo/app/controllers/route_main.go:22 +0xb8
net/http.HandlerFunc.ServeHTTP(0x100d4c5a0?, {0x100adbfa8?, 0x140000f82a0?}, 0x1007d3124?)
	/usr/local/go/src/net/http/server.go:2220 +0x38
net/http.(*ServeMux).ServeHTTP(0x0?, {0x100adbfa8, 0x140000f82a0}, 0x140000dc640)
	/usr/local/go/src/net/http/server.go:2747 +0x1b4
net/http.serverHandler.ServeHTTP({0x140000aba40?}, {0x100adbfa8?, 0x140000f82a0?}, 0x6?)
	/usr/local/go/src/net/http/server.go:3210 +0xbc
net/http.(*conn).serve(0x140000e8510, {0x100adc710, 0x1400010ee10})
	/usr/local/go/src/net/http/server.go:2092 +0x4fc
created by net/http.(*Server).Serve in goroutine 1
	/usr/local/go/src/net/http/server.go:3360 +0x3dc
